INFO-FLOW: Workspace C:/Users/musta/OneDrive/Documents/GitHub/Hardware_training_repo/workshop_3/vadd_hls/solution1 opened at Mon Aug 21 15:51:02 +1000 2023
Execute     ap_set_clock -name default -period 10 -default=false 
INFO: [SYN 201-201] Setting up clock 'default' with a period of 10ns.
Execute     set_part xck26-sfvc784-2LV-c 
Execute       create_platform xck26-sfvc784-2LV-c -board  
DBG:HLSDevice: Trying to load device library: C:/Xilinx/Vitis_HLS/2023.1\lib\win64.o\xv_hlsvwrap.dll
DBG:HLSDevice: first parts/arch.xml in RDI_DATADIR: C:/Xilinx/Vivado/2023.1/data/parts/arch.xml
DBG:HLSDevice: init success
INFO: [HLS 200-1611] Setting target device to 'xck26-sfvc784-2LV-c'
Command       create_platform done; 1.165 sec.
Execute       source C:/Xilinx/Vitis_HLS/2023.1/common/technology/xilinx/common/xilinx.gen 
Execute         source C:/Xilinx/Vitis_HLS/2023.1/common/technology/xilinx/interface/plb46.gen 
Execute         source C:/Xilinx/Vitis_HLS/2023.1/common/technology/xilinx/interface/axi4.gen 
Execute         source C:/Xilinx/Vitis_HLS/2023.1/common/technology/xilinx/interface/nativeAXI4.gen 
Execute           source C:/Xilinx/Vitis_HLS/2023.1/common/technology/xilinx/interface/saxilite.gen 
Execute         source C:/Xilinx/Vitis_HLS/2023.1/common/technology/xilinx/scripts/xilinxcoregen.gen 
Execute         source C:/Xilinx/Vitis_HLS/2023.1/common/technology/xilinx/interface/XilEDKCoreGen.gen 
Execute         source C:/Xilinx/Vitis_HLS/2023.1/common/technology/xilinx/ip/dds_compiler.gen 
Execute         source C:/Xilinx/Vitis_HLS/2023.1/common/technology/xilinx/ip/util.gen 
Execute         source C:/Xilinx/Vitis_HLS/2023.1/common/technology/xilinx/ip/xfft.gen 
Execute         source C:/Xilinx/Vitis_HLS/2023.1/common/technology/xilinx/ip/xfir.gen 
Execute         source C:/Xilinx/Vitis_HLS/2023.1/common/technology/xilinx/DSP48/dsp48.gen 
Command       ap_source done; 0.101 sec.
Execute       ap_part_info -name xck26-sfvc784-2LV-c -data info 
Execute       config_compile -quiet -complex-mul-dsp=0 
Command     set_part done; 1.307 sec.
Execute     send_msg_by_id INFO @200-1505@%s%s  vivado 
INFO: [HLS 200-1505] Using flow_target 'vivado'
Execute     send_msg_by_id INFO @200-1464@%s config_cosim -enable_dataflow_profiling=1 
INFO: [HLS 200-1464] Running solution command: config_cosim -enable_dataflow_profiling=1
Execute     config_cosim -enable_dataflow_profiling=1 
Execute     send_msg_by_id INFO @200-1464@%s config_cosim -tool=xsim 
INFO: [HLS 200-1464] Running solution command: config_cosim -tool=xsim
Execute     config_cosim -tool=xsim 
Execute     send_msg_by_id INFO @200-1464@%s config_cosim -trace_level=all 
INFO: [HLS 200-1464] Running solution command: config_cosim -trace_level=all
Execute     config_cosim -trace_level=all 
Execute     send_msg_by_id INFO @200-1464@%s config_cosim -wave_debug=1 
INFO: [HLS 200-1464] Running solution command: config_cosim -wave_debug=1
Execute     config_cosim -wave_debug=1 
Command   open_solution done; 1.459 sec.
Execute   set_part xck26-sfvc784-2LV-c 
INFO: [HLS 200-1510] Running: set_part xck26-sfvc784-2LV-c 
Execute     create_platform xck26-sfvc784-2LV-c -board  
Execute     source C:/Xilinx/Vitis_HLS/2023.1/common/technology/xilinx/common/xilinx.gen 
Execute       source C:/Xilinx/Vitis_HLS/2023.1/common/technology/xilinx/interface/plb46.gen 
Execute       source C:/Xilinx/Vitis_HLS/2023.1/common/technology/xilinx/interface/axi4.gen 
Execute       source C:/Xilinx/Vitis_HLS/2023.1/common/technology/xilinx/interface/nativeAXI4.gen 
Execute         source C:/Xilinx/Vitis_HLS/2023.1/common/technology/xilinx/interface/saxilite.gen 
Execute       source C:/Xilinx/Vitis_HLS/2023.1/common/technology/xilinx/scripts/xilinxcoregen.gen 
Execute       source C:/Xilinx/Vitis_HLS/2023.1/common/technology/xilinx/interface/XilEDKCoreGen.gen 
Execute       source C:/Xilinx/Vitis_HLS/2023.1/common/technology/xilinx/ip/dds_compiler.gen 
Execute       source C:/Xilinx/Vitis_HLS/2023.1/common/technology/xilinx/ip/util.gen 
Execute       source C:/Xilinx/Vitis_HLS/2023.1/common/technology/xilinx/ip/xfft.gen 
Execute       source C:/Xilinx/Vitis_HLS/2023.1/common/technology/xilinx/ip/xfir.gen 
Execute       source C:/Xilinx/Vitis_HLS/2023.1/common/technology/xilinx/DSP48/dsp48.gen 
Command     ap_source done; 0.104 sec.
Execute     ap_part_info -name xck26-sfvc784-2LV-c -data info 
Execute     config_compile -quiet -complex-mul-dsp=0 
Command   set_part done; 0.167 sec.
Execute   create_clock -period 10 -name default 
INFO: [HLS 200-1510] Running: create_clock -period 10 -name default 
Execute   config_cosim -enable_dataflow_profiling -tool xsim -trace_level all -wave_debug 
INFO: [HLS 200-1510] Running: config_cosim -enable_dataflow_profiling -tool xsim -trace_level all -wave_debug 
Execute   csynth_design 
INFO: [HLS 200-1510] Running: csynth_design 
INFO-FLOW: Running SLX 'csynth' proc: ::SLX::run_csynth
Execute     elaborate -effort=medium -skip_syncheck=0 -keep_printf=0 -skip_cdt=0 -skip_transform=0 -ng=0 -g=0 -opt_fp=0 -from_csynth_design=1 
INFO: [HLS 200-111] Finished File checks and directory preparation: CPU user time: 0 seconds. CPU system time: 0 seconds. Elapsed time: 0.124 seconds; current allocated memory: 124.852 MB.
Execute       set_directive_top vadd -name=vadd 
Execute       source C:/Xilinx/Vitis_HLS/2023.1/tps/tcl/tcllib1.11.1/yaml/huddle.tcl 
Execute       source C:/Xilinx/Vitis_HLS/2023.1/tps/tcl/tcllib1.11.1/yaml/json2huddle.tcl 
Execute         source C:/Xilinx/Vitis_HLS/2023.1/tps/tcl/tcllib1.11.1/try/try.tcl 
INFO: [HLS 200-10] Analyzing design file 'vadd_hls/vadd.cpp' ... 
INFO-FLOW: Compiling one TU...
INFO-FLOW: Handling vadd_hls/vadd.cpp as C++
Execute       ap_part_info -name xck26-sfvc784-2LV-c -data info 
INFO-FLOW: Running: GCC PP 39
INFO-FLOW: Source preprocessing
INFO-FLOW: run_clang exec: C:/Xilinx/Vitis_HLS/2023.1/win64/tools/clang-3.9-csynth/bin/clang vadd_hls/vadd.cpp -foptimization-record-file=C:/Users/musta/OneDrive/Documents/GitHub/Hardware_training_repo/workshop_3/vadd_hls/solution1/.autopilot/db/vadd.cpp.clang.diag.yml -mllvm -pass-remarks-missed=reflow|pasta|unroll -mllvm -pass-remarks=reflow|pasta|unroll|inline -fno-limit-debug-info --sysroot C:/Xilinx/Vitis_HLS/2023.1/tps/mingw/8.3.0/win64.o/nt -fhls -fno-exceptions -insert-hls-directive=C:/Users/musta/OneDrive/Documents/GitHub/Hardware_training_repo/workshop_3/vadd_hls/solution1/.autopilot/db/all.directive.json -E -fno-math-errno -c -emit-llvm -mllvm -disable-llvm-optzns -Werror=implicit-function-declaration -Werror=implicit-hls-streams -Werror=return-type -Wpragmas -Wunused-parameter -Wdump-hls-pragmas -Wno-error=dump-hls-pragmas -fno-threadsafe-statics -fno-use-cxa-atexit -std=gnu++14 -target fpga64-xilinx-mingw32 -fno-threadsafe-statics -fno-use-cxa-atexit -D__VITIS_HLS__ -DAESL_SYN -D__SYNTHESIS__ -D__HLS_SYN__ -I C:/Xilinx/Vitis_HLS/2023.1/common/technology/autopilot -I C:/Xilinx/Vitis_HLS/2023.1/common/technology/autopilot/ap_sysc -include etc/autopilot_ssdm_op.h -D__DSP48E2__ -I /usr/include/x86_64-linux-gnu -o C:/Users/musta/OneDrive/Documents/GitHub/Hardware_training_repo/workshop_3/vadd_hls/solution1/.autopilot/db/vadd.pp.0.cpp {-hls-platform-db-name=C:/Xilinx/Vitis_HLS/2023.1/common/technology\xilinx/common/platform.db} -hls-platform-name=zynquplus_medium -device-resource-info=BRAM_288.000000_DSP_1248.000000_FF_234240.000000_LUT_117120.000000_SLICE_14640.000000_URAM_64.000000 -device-name-info=xck26-sfvc784-2LV-c > C:/Users/musta/OneDrive/Documents/GitHub/Hardware_training_repo/workshop_3/vadd_hls/solution1/.autopilot/db/vadd.cpp.clang.out.log 2> C:/Users/musta/OneDrive/Documents/GitHub/Hardware_training_repo/workshop_3/vadd_hls/solution1/.autopilot/db/vadd.cpp.clang.err.log
INFO-FLOW: Done: GCC PP 39 time: 0.2 seconds per iteration
INFO-FLOW: Source syntax check for synthesis
INFO-FLOW: run_clang exec: C:/Xilinx/Vitis_HLS/2023.1/win64/tools/clang-3.9-csynth/bin/clang -foptimization-record-file=C:/Users/musta/OneDrive/Documents/GitHub/Hardware_training_repo/workshop_3/vadd_hls/solution1/.autopilot/db/clang.diag.yml -mllvm -pass-remarks-missed=reflow|pasta|unroll -mllvm -pass-remarks=reflow|pasta|unroll|inline -fsyntax-only -fhls -target fpga64-xilinx-linux-gnu C:/Users/musta/OneDrive/Documents/GitHub/Hardware_training_repo/workshop_3/vadd_hls/solution1/.autopilot/db/vadd.pp.0.cpp {-hls-platform-db-name=C:/Xilinx/Vitis_HLS/2023.1/common/technology\xilinx/common/platform.db} -hls-platform-name=zynquplus_medium -device-resource-info=BRAM_288.000000_DSP_1248.000000_FF_234240.000000_LUT_117120.000000_SLICE_14640.000000_URAM_64.000000 -device-name-info=xck26-sfvc784-2LV-c > C:/Users/musta/OneDrive/Documents/GitHub/Hardware_training_repo/workshop_3/vadd_hls/solution1/.autopilot/db/clang.out.log 2> C:/Users/musta/OneDrive/Documents/GitHub/Hardware_training_repo/workshop_3/vadd_hls/solution1/.autopilot/db/clang.err.log
Execute       clang_tidy xilinx-systemc-detector -desc systemc-detector C:/Users/musta/OneDrive/Documents/GitHub/Hardware_training_repo/workshop_3/vadd_hls/solution1/.autopilot/db/vadd.pp.0.cpp std=gnu++14 -target fpga  -directive=C:/Users/musta/OneDrive/Documents/GitHub/Hardware_training_repo/workshop_3/vadd_hls/solution1/.autopilot/db/.systemc_flag 
INFO-FLOW: exec C:/Xilinx/Vitis_HLS/2023.1/win64/tools/clang-3.9-csynth/bin/clang-tidy -header-filter=.* --checks=-*,xilinx-systemc-detector -import-directive=C:/Users/musta/OneDrive/Documents/GitHub/Hardware_training_repo/workshop_3/vadd_hls/solution1/.autopilot/db/.systemc_flag -fix-errors C:/Users/musta/OneDrive/Documents/GitHub/Hardware_training_repo/workshop_3/vadd_hls/solution1/.autopilot/db/vadd.pp.0.cpp -- -std=gnu++14 -target fpga -fhls -ferror-limit=0
INFO-FLOW: Running: clang-tidy CDT preprocess 39
Execute       clang_tidy xilinx-directive2pragma -desc directive2pragma C:/Users/musta/OneDrive/Documents/GitHub/Hardware_training_repo/workshop_3/vadd_hls/solution1/.autopilot/db/vadd.pp.0.cpp std=gnu++14 -target fpga  -directive=C:/Users/musta/OneDrive/Documents/GitHub/Hardware_training_repo/workshop_3/vadd_hls/solution1/.autopilot/db/all.directive.json 
INFO-FLOW: exec C:/Xilinx/Vitis_HLS/2023.1/win64/tools/clang-3.9-csynth/bin/clang-tidy -header-filter=.* --checks=-*,xilinx-directive2pragma -import-directive=C:/Users/musta/OneDrive/Documents/GitHub/Hardware_training_repo/workshop_3/vadd_hls/solution1/.autopilot/db/all.directive.json -fix-errors C:/Users/musta/OneDrive/Documents/GitHub/Hardware_training_repo/workshop_3/vadd_hls/solution1/.autopilot/db/vadd.pp.0.cpp -- -std=gnu++14 -target fpga -fhls -ferror-limit=0
INFO-FLOW: Done: clang-tidy CDT preprocess 39 time: 0.1 seconds per iteration
INFO-FLOW: Calling xilinx-label-all-loops ... 
INFO-FLOW: Calling xilinx-aggregate-on-hls-vector ... 
Execute       clang_tidy -errorcheck -desc loop-label xilinx-label-all-loops,xilinx-aggregate-on-hls-vector,,xilinx-warn-mayneed-no-ctor-attribute C:/Users/musta/OneDrive/Documents/GitHub/Hardware_training_repo/workshop_3/vadd_hls/solution1/.autopilot/db/vadd.pp.0.cpp std=gnu++14 -target fpga  
INFO-FLOW: run_clang exec: C:/Xilinx/Vitis_HLS/2023.1/win64/tools/clang-3.9-csynth/bin/clang-tidy -export-fixes=C:/Users/musta/OneDrive/Documents/GitHub/Hardware_training_repo/workshop_3/vadd_hls/solution1/.autopilot/db/vadd.pp.0.cpp.clang-tidy.loop-label.diag.yml -header-filter=.* --checks=-*,xilinx-label-all-loops,xilinx-aggregate-on-hls-vector,,xilinx-warn-mayneed-no-ctor-attribute -fix-errors C:/Users/musta/OneDrive/Documents/GitHub/Hardware_training_repo/workshop_3/vadd_hls/solution1/.autopilot/db/vadd.pp.0.cpp -- -std=gnu++14 -target fpga -fhls -ferror-limit=0 > C:/Users/musta/OneDrive/Documents/GitHub/Hardware_training_repo/workshop_3/vadd_hls/solution1/.autopilot/db/vadd.pp.0.cpp.clang-tidy.loop-label.out.log 2> C:/Users/musta/OneDrive/Documents/GitHub/Hardware_training_repo/workshop_3/vadd_hls/solution1/.autopilot/db/vadd.pp.0.cpp.clang-tidy.loop-label.err.log
Execute         source C:/Xilinx/Vitis_HLS/2023.1/tps/tcl/tcllib1.11.1/yaml/yaml.tcl 
INFO-FLOW: run_clang exec: C:/Xilinx/Vitis_HLS/2023.1/win64/tools/clang-3.9-csynth/bin/xilinx-dataflow-lawyer -export-fixes=C:/Users/musta/OneDrive/Documents/GitHub/Hardware_training_repo/workshop_3/vadd_hls/solution1/.autopilot/db/vadd.pp.0.cpp.xilinx-dataflow-lawyer.diag.yml C:/Users/musta/OneDrive/Documents/GitHub/Hardware_training_repo/workshop_3/vadd_hls/solution1/.autopilot/db/vadd.pp.0.cpp -- -std=gnu++14 -target fpga -fhls -ferror-limit=0 -fstrict-dataflow > C:/Users/musta/OneDrive/Documents/GitHub/Hardware_training_repo/workshop_3/vadd_hls/solution1/.autopilot/db/vadd.pp.0.cpp.xilinx-dataflow-lawyer.out.log 2> C:/Users/musta/OneDrive/Documents/GitHub/Hardware_training_repo/workshop_3/vadd_hls/solution1/.autopilot/db/vadd.pp.0.cpp.xilinx-dataflow-lawyer.err.log
Execute       ap_part_info -name xck26-sfvc784-2LV-c -data info 
INFO-FLOW: compiling source code to llvm bc
INFO-FLOW: run_clang exec: C:/Xilinx/Vitis_HLS/2023.1/win64/tools/clang-3.9-csynth/bin/clang -foptimization-record-file=C:/Users/musta/OneDrive/Documents/GitHub/Hardware_training_repo/workshop_3/vadd_hls/solution1/.autopilot/db/vadd.pp.0.cpp.clang.diag.yml -mllvm -pass-remarks-missed=reflow|pasta|unroll -mllvm -pass-remarks=reflow|pasta|unroll|inline -fno-limit-debug-info -fhls -flto -fno-exceptions -Wno-error=c++11-narrowing C:/Users/musta/OneDrive/Documents/GitHub/Hardware_training_repo/workshop_3/vadd_hls/solution1/.autopilot/db/vadd.pp.0.cpp -fno-math-errno -c -emit-llvm -mllvm -disable-llvm-optzns -Werror=implicit-function-declaration -Werror=implicit-hls-streams -Werror=return-type -Wpragmas -Wunused-parameter -Wdump-hls-pragmas -Wno-error=dump-hls-pragmas -fno-threadsafe-statics -fno-use-cxa-atexit -std=gnu++14 -target fpga64-xilinx-linux-gnu -D__VITIS_HLS__ -DAESL_SYN -D__SYNTHESIS__ -D__HLS_SYN__ -I C:/Xilinx/Vitis_HLS/2023.1/common/technology/autopilot -I C:/Xilinx/Vitis_HLS/2023.1/common/technology/autopilot/ap_sysc -include etc/autopilot_ssdm_op.h -D__DSP48E2__ -g -o C:/Users/musta/OneDrive/Documents/GitHub/Hardware_training_repo/workshop_3/vadd_hls/solution1/.autopilot/db/vadd.bc {-hls-platform-db-name=C:/Xilinx/Vitis_HLS/2023.1/common/technology\xilinx/common/platform.db} -hls-platform-name=zynquplus_medium -device-resource-info=BRAM_288.000000_DSP_1248.000000_FF_234240.000000_LUT_117120.000000_SLICE_14640.000000_URAM_64.000000 -device-name-info=xck26-sfvc784-2LV-c > C:/Users/musta/OneDrive/Documents/GitHub/Hardware_training_repo/workshop_3/vadd_hls/solution1/.autopilot/db/vadd.pp.0.cpp.clang.out.log 2> C:/Users/musta/OneDrive/Documents/GitHub/Hardware_training_repo/workshop_3/vadd_hls/solution1/.autopilot/db/vadd.pp.0.cpp.clang.err.log
INFO: [HLS 200-111] Finished Source Code Analysis and Preprocessing: CPU user time: 0 seconds. CPU system time: 0 seconds. Elapsed time: 0.926 seconds; current allocated memory: 126.051 MB.
INFO-FLOW: Linking Debug ...
INFO-FLOW: Linking dut bc code.
Execute       run_link_or_opt -out C:/Users/musta/OneDrive/Documents/GitHub/Hardware_training_repo/workshop_3/vadd_hls/solution1/.autopilot/db/a.g.ld.0.bc -args  "C:/Users/musta/OneDrive/Documents/GitHub/Hardware_training_repo/workshop_3/vadd_hls/solution1/.autopilot/db/vadd.g.bc"  
INFO-FLOW: run_clang exec: C:/Xilinx/Vitis_HLS/2023.1/win64/tools/clang-3.9-csynth/bin/llvm-link C:/Users/musta/OneDrive/Documents/GitHub/Hardware_training_repo/workshop_3/vadd_hls/solution1/.autopilot/db/vadd.g.bc -o C:/Users/musta/OneDrive/Documents/GitHub/Hardware_training_repo/workshop_3/vadd_hls/solution1/.autopilot/db/a.g.ld.0.bc > C:/Users/musta/OneDrive/Documents/GitHub/Hardware_training_repo/workshop_3/vadd_hls/solution1/.autopilot/db/a.g.ld.0.bc.llvm-link.out.log 2> C:/Users/musta/OneDrive/Documents/GitHub/Hardware_training_repo/workshop_3/vadd_hls/solution1/.autopilot/db/a.g.ld.0.bc.llvm-link.err.log
INFO-FLOW: 
Execute       run_link_or_opt -opt -out C:/Users/musta/OneDrive/Documents/GitHub/Hardware_training_repo/workshop_3/vadd_hls/solution1/.autopilot/db/a.g.ld.1.lower.bc -args C:/Users/musta/OneDrive/Documents/GitHub/Hardware_training_repo/workshop_3/vadd_hls/solution1/.autopilot/db/a.g.ld.0.bc -reflow-lower-math-intrinsics 
INFO-FLOW: run_clang exec: C:/Xilinx/Vitis_HLS/2023.1/win64/tools/clang-3.9-csynth/bin/opt -pass-remarks-missed=reflow|pasta|unroll -pass-remarks=reflow|pasta|unroll|inline -pass-remarks-output=C:/Users/musta/OneDrive/Documents/GitHub/Hardware_training_repo/workshop_3/vadd_hls/solution1/.autopilot/db/a.g.ld.1.lower.bc.opt.diag.yml C:/Users/musta/OneDrive/Documents/GitHub/Hardware_training_repo/workshop_3/vadd_hls/solution1/.autopilot/db/a.g.ld.0.bc -reflow-lower-math-intrinsics -o C:/Users/musta/OneDrive/Documents/GitHub/Hardware_training_repo/workshop_3/vadd_hls/solution1/.autopilot/db/a.g.ld.1.lower.bc > C:/Users/musta/OneDrive/Documents/GitHub/Hardware_training_repo/workshop_3/vadd_hls/solution1/.autopilot/db/a.g.ld.1.lower.bc.opt.out.log 2> C:/Users/musta/OneDrive/Documents/GitHub/Hardware_training_repo/workshop_3/vadd_hls/solution1/.autopilot/db/a.g.ld.1.lower.bc.opt.err.log
INFO-FLOW: 
INFO-FLOW: Running: gen_design_size_report post-opt
INFO-FLOW: Done: gen_design_size_report post-opt time: 0 seconds per iteration
INFO-FLOW: Linking math bc lib
Execute       run_link_or_opt -out C:/Users/musta/OneDrive/Documents/GitHub/Hardware_training_repo/workshop_3/vadd_hls/solution1/.autopilot/db/a.g.ld.2.m1.bc -args C:/Users/musta/OneDrive/Documents/GitHub/Hardware_training_repo/workshop_3/vadd_hls/solution1/.autopilot/db/a.g.ld.1.lower.bc -only-needed C:/Xilinx/Vitis_HLS/2023.1/win64/lib/libhlsm_39.bc C:/Xilinx/Vitis_HLS/2023.1/win64/lib/libhlsmc++_39.bc 
INFO-FLOW: run_clang exec: C:/Xilinx/Vitis_HLS/2023.1/win64/tools/clang-3.9-csynth/bin/llvm-link C:/Users/musta/OneDrive/Documents/GitHub/Hardware_training_repo/workshop_3/vadd_hls/solution1/.autopilot/db/a.g.ld.1.lower.bc -only-needed C:/Xilinx/Vitis_HLS/2023.1/win64/lib/libhlsm_39.bc C:/Xilinx/Vitis_HLS/2023.1/win64/lib/libhlsmc++_39.bc -o C:/Users/musta/OneDrive/Documents/GitHub/Hardware_training_repo/workshop_3/vadd_hls/solution1/.autopilot/db/a.g.ld.2.m1.bc > C:/Users/musta/OneDrive/Documents/GitHub/Hardware_training_repo/workshop_3/vadd_hls/solution1/.autopilot/db/a.g.ld.2.m1.bc.llvm-link.out.log 2> C:/Users/musta/OneDrive/Documents/GitHub/Hardware_training_repo/workshop_3/vadd_hls/solution1/.autopilot/db/a.g.ld.2.m1.bc.llvm-link.err.log
INFO-FLOW: 
Command       run_link_or_opt done; 1.828 sec.
Execute       run_link_or_opt -opt -out C:/Users/musta/OneDrive/Documents/GitHub/Hardware_training_repo/workshop_3/vadd_hls/solution1/.autopilot/db/a.g.ld.3.fpc.bc -args C:/Users/musta/OneDrive/Documents/GitHub/Hardware_training_repo/workshop_3/vadd_hls/solution1/.autopilot/db/a.g.ld.2.m1.bc -reflow-globaldce -hls-top-function-name=vadd -reflow-float-conversion 
INFO-FLOW: run_clang exec: C:/Xilinx/Vitis_HLS/2023.1/win64/tools/clang-3.9-csynth/bin/opt -pass-remarks-missed=reflow|pasta|unroll -pass-remarks=reflow|pasta|unroll|inline -pass-remarks-output=C:/Users/musta/OneDrive/Documents/GitHub/Hardware_training_repo/workshop_3/vadd_hls/solution1/.autopilot/db/a.g.ld.3.fpc.bc.opt.diag.yml C:/Users/musta/OneDrive/Documents/GitHub/Hardware_training_repo/workshop_3/vadd_hls/solution1/.autopilot/db/a.g.ld.2.m1.bc -reflow-globaldce -hls-top-function-name=vadd -reflow-float-conversion -o C:/Users/musta/OneDrive/Documents/GitHub/Hardware_training_repo/workshop_3/vadd_hls/solution1/.autopilot/db/a.g.ld.3.fpc.bc > C:/Users/musta/OneDrive/Documents/GitHub/Hardware_training_repo/workshop_3/vadd_hls/solution1/.autopilot/db/a.g.ld.3.fpc.bc.opt.out.log 2> C:/Users/musta/OneDrive/Documents/GitHub/Hardware_training_repo/workshop_3/vadd_hls/solution1/.autopilot/db/a.g.ld.3.fpc.bc.opt.err.log
INFO-FLOW: 
INFO-FLOW: Running: gen_design_size_report post-opt
INFO-FLOW: Done: gen_design_size_report post-opt time: 0 seconds per iteration
Command       run_link_or_opt done; 0.81 sec.
Execute       run_link_or_opt -out C:/Users/musta/OneDrive/Documents/GitHub/Hardware_training_repo/workshop_3/vadd_hls/solution1/.autopilot/db/a.g.ld.4.m2.bc -args C:/Users/musta/OneDrive/Documents/GitHub/Hardware_training_repo/workshop_3/vadd_hls/solution1/.autopilot/db/a.g.ld.3.fpc.bc -only-needed C:/Xilinx/Vitis_HLS/2023.1/win64/lib/libfloatconversion_39.bc 
INFO-FLOW: run_clang exec: C:/Xilinx/Vitis_HLS/2023.1/win64/tools/clang-3.9-csynth/bin/llvm-link C:/Users/musta/OneDrive/Documents/GitHub/Hardware_training_repo/workshop_3/vadd_hls/solution1/.autopilot/db/a.g.ld.3.fpc.bc -only-needed C:/Xilinx/Vitis_HLS/2023.1/win64/lib/libfloatconversion_39.bc -o C:/Users/musta/OneDrive/Documents/GitHub/Hardware_training_repo/workshop_3/vadd_hls/solution1/.autopilot/db/a.g.ld.4.m2.bc > C:/Users/musta/OneDrive/Documents/GitHub/Hardware_training_repo/workshop_3/vadd_hls/solution1/.autopilot/db/a.g.ld.4.m2.bc.llvm-link.out.log 2> C:/Users/musta/OneDrive/Documents/GitHub/Hardware_training_repo/workshop_3/vadd_hls/solution1/.autopilot/db/a.g.ld.4.m2.bc.llvm-link.err.log
INFO-FLOW: 
Execute       run_link_or_opt -opt -out C:/Users/musta/OneDrive/Documents/GitHub/Hardware_training_repo/workshop_3/vadd_hls/solution1/.autopilot/db/a.g.ld.5.gdce.bc -args C:/Users/musta/OneDrive/Documents/GitHub/Hardware_training_repo/workshop_3/vadd_hls/solution1/.autopilot/db/a.g.ld.4.m2.bc -reflow-globaldce -hls-top-function-name=vadd 
INFO-FLOW: run_clang exec: C:/Xilinx/Vitis_HLS/2023.1/win64/tools/clang-3.9-csynth/bin/opt -pass-remarks-missed=reflow|pasta|unroll -pass-remarks=reflow|pasta|unroll|inline -pass-remarks-output=C:/Users/musta/OneDrive/Documents/GitHub/Hardware_training_repo/workshop_3/vadd_hls/solution1/.autopilot/db/a.g.ld.5.gdce.bc.opt.diag.yml C:/Users/musta/OneDrive/Documents/GitHub/Hardware_training_repo/workshop_3/vadd_hls/solution1/.autopilot/db/a.g.ld.4.m2.bc -reflow-globaldce -hls-top-function-name=vadd -o C:/Users/musta/OneDrive/Documents/GitHub/Hardware_training_repo/workshop_3/vadd_hls/solution1/.autopilot/db/a.g.ld.5.gdce.bc > C:/Users/musta/OneDrive/Documents/GitHub/Hardware_training_repo/workshop_3/vadd_hls/solution1/.autopilot/db/a.g.ld.5.gdce.bc.opt.out.log 2> C:/Users/musta/OneDrive/Documents/GitHub/Hardware_training_repo/workshop_3/vadd_hls/solution1/.autopilot/db/a.g.ld.5.gdce.bc.opt.err.log
INFO-FLOW: 
INFO-FLOW: Running: gen_design_size_report post-opt
INFO-FLOW: Done: gen_design_size_report post-opt time: 0 seconds per iteration
Execute       send_msg_by_id INFO @200-777@%s Vivado 
INFO: [HLS 200-777] Using interface defaults for 'Vivado' flow target.
Execute       is_m_axi_addr64 
INFO-FLOW: Doing LTO.
INFO-FLOW: run_clang exec: C:/Xilinx/Vitis_HLS/2023.1/win64/tools/clang-3.9-csynth/bin/clang -foptimization-record-file=C:/Users/musta/OneDrive/Documents/GitHub/Hardware_training_repo/workshop_3/vadd_hls/solution1/.autopilot/db/a.g.ld.0.bc.clang.reflow.diag.yml -mllvm -pass-remarks-missed=reflow|pasta|unroll -mllvm -pass-remarks=reflow|pasta|unroll|inline -fhls -mllvm -hls-top-function-name=vadd -mllvm -hls-db-dir -mllvm C:/Users/musta/OneDrive/Documents/GitHub/Hardware_training_repo/workshop_3/vadd_hls/solution1/.autopilot/db -emit-llvm -c -target fpga64-xilinx-none -mllvm -xcl-xmlinfo=C:/Users/musta/OneDrive/Documents/GitHub/Hardware_training_repo/workshop_3/vadd_hls/solution1/.autopilot/db/kernel.internal.xml -mllvm -top-io-mapping-info=C:/Users/musta/OneDrive/Documents/GitHub/Hardware_training_repo/workshop_3/vadd_hls/solution1/.autopilot/db/top-io-fe.xml -mllvm -hls-bitcode-version=3.1 -mllvm -reflow-enable-slave-interface-default-setting=true -mllvm -gen-kernel-xml=false -mllvm -default-maxi-offset=slave -mllvm -maxi-latency=0 -mllvm -hls-maxi-data-size-in-bits=8 -mllvm -hls-maxi-max-data-size-in-bits=1024 -mllvm -hls-max-widen-size-in-bits=0 -mllvm -xcl-kernel-max-mem-ports=0 -mllvm -maxi-read-trans=16 -mllvm -maxi-write-trans=16 -mllvm -maxi-read-burst-len=16 -mllvm -maxi-write-burst-len=16 -mllvm -reflow-enable-saxi-64bits=0 -mllvm -reflow-basic-block-instr-threshold=200000 -mllvm -reflow-auto-pipeline-threshold=64 -mllvm -reflow-enable-maxi-auto-id-channel=0 -mllvm -enable-fp-thr=0 -mllvm -reflow-bdd-simplify-threshold=1024 -mllvm -reflow-fanout-threshold=16 -mllvm -assume-maxi-align=1 -mllvm -reflow-pipeline-style-llvm-setting=2 -mllvm -reflow-enable-dataflow-strict-mode-checking=1 -ftime-report -mllvm -time-passes -mllvm -reflow-auto-array-partition-mode=default -mllvm -reflow-enable-auto-array-partition=true -mllvm -reflow-enable-auto-parallel-performance-driven=true -mllvm -reflow-enable-partition-for-automation=true -mllvm -reflow-aggregate-bitwidth-threshold=4096 -mllvm -reflow-reserved-saxilite-registers=1024 -mllvm -reflow-assume-no-address-wrap=true -mllvm -reflow-enable-occurrence-inference=true -mllvm -hls -mllvm -disable-inlined-alloca-merging=true -mllvm -default-clock-period=10 -x ir C:/Users/musta/OneDrive/Documents/GitHub/Hardware_training_repo/workshop_3/vadd_hls/solution1/.autopilot/db/a.g.ld.5.gdce.bc -o C:/Users/musta/OneDrive/Documents/GitHub/Hardware_training_repo/workshop_3/vadd_hls/solution1/.autopilot/db/a.g.lto.bc {-hls-platform-db-name=C:/Xilinx/Vitis_HLS/2023.1/common/technology\xilinx/common/platform.db} -hls-platform-name=zynquplus_medium -device-resource-info=BRAM_288.000000_DSP_1248.000000_FF_234240.000000_LUT_117120.000000_SLICE_14640.000000_URAM_64.000000 -device-name-info=xck26-sfvc784-2LV-c > C:/Users/musta/OneDrive/Documents/GitHub/Hardware_training_repo/workshop_3/vadd_hls/solution1/.autopilot/db/a.g.ld.0.bc.clang.reflow.out.log 2> C:/Users/musta/OneDrive/Documents/GitHub/Hardware_training_repo/workshop_3/vadd_hls/solution1/.autopilot/db/a.g.ld.0.bc.clang.reflow.err.log
INFO: [HLS 214-115] Multiple burst writes of length 100 and bit width 32 in loop 'VITIS_LOOP_10_1'(vadd_hls/vadd.cpp:10:19) has been inferred on bundle 'gmem'. These burst requests might be further partitioned into multiple requests during RTL generation, based on max_read_burst_length or max_write_burst_length settings. (vadd_hls/vadd.cpp:10:19)
INFO-FLOW: DBG:PUTS: copy_raw_kernel_xml ap_link_39: kernel.xml not generated: C:/Users/musta/OneDrive/Documents/GitHub/Hardware_training_repo/workshop_3/vadd_hls/solution1/.autopilot/db/kernel.internal.xml
INFO: [HLS 200-111] Finished Compiling Optimization and Transform: CPU user time: 1 seconds. CPU system time: 0 seconds. Elapsed time: 3.227 seconds; current allocated memory: 127.355 MB.
INFO: [HLS 200-111] Finished Checking Pragmas: CPU user time: 0 seconds. CPU system time: 1 seconds. Elapsed time: 0.004 seconds; current allocated memory: 127.363 MB.
Execute       opt_and_import_c a -opt_level=2 -skip_syncheck=0 -ng=0 -keep_printf=0 
Execute         cleanup_all_models 
INFO: [HLS 200-10] Starting code transformations ...
INFO-FLOW: Running Standard Transforms...
Execute         transform -hls -share-std-xform -demangle-name -inline-byval-memcpy -always-inline -promote-dbg-pointer -interface-preproc -mem2reg -scalarrepl -mem2reg -keep-read-access -instcombine -dce -promote-dbg-pointer -bitop-raise -loop-simplify -indvarspre -indvars -loop-simplify -xunroll -constprop -instcombine -simplifycfg -indvars -simplifycfg -dce -globaldce -basicaa -simplifycfg -mem2reg -globalopt -global-constprop -deadargelim -instcombine -simplifycfg -scalarrepl -instcombine -reassociate -licm -simplifycfg -loop-simplify -indvars -instcombine -simplifycfg -mem2reg -loop-simplify -indvars -instcombine -gvn -gvn -instcombine -adce -break-crit-edges -simplifycfg -loop-delete -global-array-opt -dce -dse -adce -find-syn-modules -top vadd -deadargelim -mem2reg -instcombine -dce -presyn-prepare -auto-rom-infer -interface-preproc -syn-check -check-rec-only -find-region -simplifycfg -func-extr -function-inline -globaldce -mem2reg -instcombine -dce -gvn -globaldce -adce -adse -constprop -instcombine -bit-constprop -instcombine -dce -simplifycfg -bitop-raise -simplifycfg -dce -loop-delete -reassociate -globalopt -global-privatize -mem2reg -dce -global-constprop -pointer-simplify -constprop -dce -auto-shift-reg-idiom -promote-dbg-pointer -norm-name C:/Users/musta/OneDrive/Documents/GitHub/Hardware_training_repo/workshop_3/vadd_hls/solution1/.autopilot/db/a.g.0.bc -o C:/Users/musta/OneDrive/Documents/GitHub/Hardware_training_repo/workshop_3/vadd_hls/solution1/.autopilot/db/a.g.1.bc -f -phase std-opt 
INFO: [HLS 200-111] Finished Standard Transforms: CPU user time: 0 seconds. CPU system time: 0 seconds. Elapsed time: 0.026 seconds; current allocated memory: 132.266 MB.
INFO: [HLS 200-10] Checking synthesizability ...
INFO-FLOW: Checking Synthesizability 1/2..
Execute         transform -hls -syn-check -check-rec-only -scalarrepl -norm-name -dce -mem2reg -instcombine -directive-preproc -mem2reg -dse -dce -auto-rom-infer -dce -pag -array-normalize -instcombine -dce -array-seg-normalize -instcombine -dce -data-pack -instcombine -dce -inst-simplify -array-flatten -instcombine -dce -array-burst -dce -deadargelim -promote-global-argument -simplifycfg -mem2reg -globaldce -dce -deadargelim -dce -instcombine -function-inline -globaldce -dce -doublePtrSimplify -doublePtrElim -dce -doublePtrSimplify -promote-dbg-pointer -dce -scalarrepl -dse -adse -instcombine -ptrLegalization -simplifycfg -dce -instcombine -pointer-simplify -ptrArgReplace -dce -instcombine -resolve-double-ptr -scalarrepl -norm-name -dce -mem2reg -instcombine -ptrLegalization -simplifycfg -deadargelim -instcombine -dce -inst-simplify -directive-preproc -mem2reg -dse -dce -globaldce C:/Users/musta/OneDrive/Documents/GitHub/Hardware_training_repo/workshop_3/vadd_hls/solution1/.autopilot/db/a.g.1.bc -o C:/Users/musta/OneDrive/Documents/GitHub/Hardware_training_repo/workshop_3/vadd_hls/solution1/.autopilot/db/a.g.2.prechk.bc -f 
INFO-FLOW: Checking Synthesizability 2/2..
Execute         transform -syn-check C:/Users/musta/OneDrive/Documents/GitHub/Hardware_training_repo/workshop_3/vadd_hls/solution1/.autopilot/db/a.g.2.prechk.bc -o C:/Users/musta/OneDrive/Documents/GitHub/Hardware_training_repo/workshop_3/vadd_hls/solution1/.autopilot/db/a.g.2.bc -f -phase syn-check 
INFO: [HLS 200-111] Finished Checking Synthesizability: CPU user time: 0 seconds. CPU system time: 0 seconds. Elapsed time: 0.034 seconds; current allocated memory: 133.457 MB.
INFO-FLOW: Compiler optimizing ...
INFO-FLOW: Share syncheck's 1.bc for syn flow: copy C:/Users/musta/OneDrive/Documents/GitHub/Hardware_training_repo/workshop_3/vadd_hls/solution1/.autopilot/db/a.g.1.bc to C:/Users/musta/OneDrive/Documents/GitHub/Hardware_training_repo/workshop_3/vadd_hls/solution1/.autopilot/db/a.o.1.bc
INFO-FLOW: Presyn 1...
Execute         transform -hls -tmp C:/Users/musta/OneDrive/Documents/GitHub/Hardware_training_repo/workshop_3/vadd_hls/solution1/.autopilot/db -interface-port-rename -directive-preproc -mem2reg -dse -dce -scalarrepl -norm-name -deadargelim -mem2reg -instcombine -dce -simplifycfg -auto-rom-infer -dce -resource-proc -clib-intrinsic-prepare -dce -func-buffer -dce -pag -array-normalize -func-legal -instcombine -gvn -constprop -dce -simplifycfg -mem2reg -globaldce -resolve-double-ptr -dce -deadargelim -dce -instcombine -ptrArgReplace -mem2reg -dce -array-seg-normalize -deadargelim -instcombine -dce -directive-preproc -mem2reg -dse -dce -pointer-simplify -dce -port-alignment -dce -interface-preproc -data-pack -instcombine -dce -basicaa -aggr-aa -aggrmodref-aa -aggr-aa -gvn -gvn -basicaa -aggr-aa -aggrmodref-aa -aggr-aa -dse -adse -adce -loop-simplify -indvars -instcombine -gvn -loop-simplify -mem2reg -dce -find-region -instcombine -auto-loop-pipeline -inst-simplify -interface-preproc -cfgopt -instcombine -indvars -auto-loop-unroll -loop-simplify -loop-bound -xunroll -constprop -instcombine -simplifycfg -indvars -simplifycfg -dce -globaldce -clean-region -attach-range -gvn -inst-simplify -constprop -simplifycfg -dce -pointer-simplify -dce -globalopt -constprop -dce -array-promote -scalar-auto-dep-elim -constprop -dce -ptrArgReplace -mem2reg -simplifycfg -dce -instcombine -dce -array-transform-check -array-reshape -instcombine -simplifycfg -dce -ptrArgReplace -deadargelim -mem2reg -instcombine -simplifycfg -dce -indvars -loop-simplify -loop-bound -xunroll -constprop -instcombine -simplifycfg -indvars -simplifycfg -dce -globaldce -basicaa -aggr-aa -aggrmodref-aa -aggr-aa -dse -duplicate-dataflow-processes -globaldce -instcombine -array-partition -prepare-dynamic-array-partition -instcombine -simplifycfg -dce -ptrArgReplace -global-constprop -deadargelim -mem2reg -func-legal -dce -global-constprop -deadargelim -mem2reg -simplifycfg -dce -merge-param -deadargelim -globalopt -constprop -dce -array-promote -scalar-auto-dep-elim -constprop -dce -ptrArgReplace -mem2reg -simplifycfg -dce -mem-intrinsic-preproc -dce -global-internalize -global-privatize -mem2reg -globaldce -promote-global-argument -ptrArgReplace -mem2reg -dce -globalopt -mergereturn -simplify-global-access -mem2reg -dce -pointer-simplify -dce -functionattrs -basicaa -aggr-aa -aggrmodref-aa -aggr-aa -gvn -gvn -basicaa -aggr-aa -aggrmodref-aa -aggr-aa -dse -adse -adce -dce -norm-name -basicaa -aggr-aa -aggrmodref-aa -aggr-aa -accesses-merge -function-inline -complex-op-raise -inst-simplify -globaldce -func-legal -dce -loop-bound -arraycheck -bitwidthmin2 -bitwidthmin2 -on-by-dataflow -loop-delete -instcombine -simplifycfg -globaldce -dce -gvn -deadargelim -dce -loop-simplify -clean-region -simplifycfg -propagate-stable-arguments -loop-stream -instcombine -simplifycfg -dce -globaldce -duplicate-dataflow-processes -stream-intrinsic-preproc -dce -check-ap-stream -loop-simplify -eliminate-keepreads -extract-dataflow-in-loop -loop-simplify -dce -gvn -deadargelim -dse -duplicate-dataflow-processes -check-dataflow-syntax -legalize-stream-variable -globaldce -legalize-global -extract-subproc -dce -dead-channel-elimination -canonicalize-gep -globaldce -dce -gvn -hls-dead-arg-elim -deadargelim -directive-preproc -canonicalize-dataflow -dce -globaldce -scalar-preprocessing -scalar-propagation2 -deadargelim -globaldce -mem2reg -check-dataflow-channels -function-stream -dce -globaldce -prop-fifo-spec -internal-stream-gen -canonicalize-gep -globaldce -dce -gvn -deadargelim -mergereturn -indvars -loop-simplify -instcombine -array-stream -array-seg-normalize -array-partition -func-legal -instcombine -simplifycfg -dce -bundle-memfifo-ops -deadargelim -directive-preproc -mem2reg -dse -dce -group-axi-access -licm -simplifycfg -dce -loop-delete -hls-display -norm-name C:/Users/musta/OneDrive/Documents/GitHub/Hardware_training_repo/workshop_3/vadd_hls/solution1/.autopilot/db/a.o.1.bc -o C:/Users/musta/OneDrive/Documents/GitHub/Hardware_training_repo/workshop_3/vadd_hls/solution1/.autopilot/db/a.o.1.tmp.bc -f 
INFO-FLOW: Presyn 2...
Execute         transform -hls -keep-callgraph -scalarrepl -mem2reg -port-alignment -attach-range -dce -pipe-mux-gen -indvars -loop-bound -inst-simplify -instcombine -dce -merge-array-access -mem2reg -dce -clean-region -mergereturn -if-conv -instcombine -dce -constprop -basicaa -aggr-aa -aggrmodref-aa -aggr-aa -gvn -gvn -basicaa -aggr-aa -aggrmodref-aa -aggr-aa -dse -adse -adce -scalarrepl -mem2reg -global-constprop -deadargelim -deadargelim -instcombine -dce -simplifycfg -ptrArgReplace -mem2reg -function-inline -globaldce -mem2reg -instcombine -dce -expr-balance -instcombine -dce -bitwidthmin2 -bitwidthmin2 -interface-preproc -directive-preproc -inst-rectify -instcombine -dce -functionattrs -constprop -instcombine -bit-constprop -simplify-global-access -globalopt -globaldce -inst-simplify -instcombine -elimdeaddata -dce -loop-delete -simplifycfg -loop-simplify -barrier -norm-name C:/Users/musta/OneDrive/Documents/GitHub/Hardware_training_repo/workshop_3/vadd_hls/solution1/.autopilot/db/a.o.1.tmp.bc -o C:/Users/musta/OneDrive/Documents/GitHub/Hardware_training_repo/workshop_3/vadd_hls/solution1/.autopilot/db/a.o.2.bc -f -phase presyn 
INFO: [HLS 200-111] Finished Loop, function and other optimizations: CPU user time: 0 seconds. CPU system time: 0 seconds. Elapsed time: 0.049 seconds; current allocated memory: 154.523 MB.
INFO-FLOW: Building ssdm...
Execute         transform -hls -auto-function-inline -globaldce -ptrArgReplace -mem2reg -dce -reset-lda -loop-simplify -indvars -aggr-aa -licm -loop-dep -loop-bound -licm -loop-simplify -loop-sink-hoist -flattenloopnest -array-flatten -gvn -instcombine -dce -array-map -dce -func-legal -gvn -adce -instcombine -cfgopt -simplifycfg-lite -loop-simplify -array-burst -promote-global-argument -dce -array-seg-normalize -basicaa -aggrmodref-aa -globalsmodref-aa -aggr-aa -gvn -gvn -basicaa -aggrmodref-aa -globalsmodref-aa -aggr-aa -dse -adse -adce -licm -inst-simplify -dce -globaldce -instcombine -array-stream -eliminate-keepreads -instcombine -dce -deadargelim -doublePtrSimplify -doublePtrElim -dce -doublePtrSimplify -promote-dbg-pointer -dce -scalarrepl -mem2reg -norm-name -mem2reg -instcombine -dse -adse -adce -ptrLegalization -dce -auto-rom-infer -array-flatten -dce -instcombine -check-doubleptr -loop-rot -constprop -cfgopt -simplifycfg-lite -loop-simplify -indvars -pointer-simplify -dce -loop-bound -loop-simplify -loop-preproc -constprop -global-constprop -gvn -mem2reg -instcombine -dce -loop-bound -loop-merge -dce -deadargelim -dce -canonicalize-dataflow -dce -deadargelim -globaldce -mem2reg -bram-byte-enable -load-elim -read-loop-dep -loop-simplify -loop-extract-inner -directive-preproc -bitwidthmin2 -bitwidthmin2 -read-loop-dep -interface-preproc -directive-preproc -interface-gen -bram-byte-enable-spec-prop -deadargelim -inst-simplify -dce -gvn -mem2reg -instcombine -dce -adse -loop-bound -instcombine -cfgopt -simplifycfg-lite -loop-simplify -clean-region -io-protocol -find-region -mem2reg -bitop-raise -complex-op-raise -inst-simplify -inst-rectify -instcombine -adce -deadargelim -float-op-raise -loop-simplify -phi-opt -bitop-raise -cfgopt -simplifycfg-lite -strip-dead-prototypes -interface-lower -bitop-lower -intrinsic-lower -auto-function-inline -basicaa -aggrmodref-aa -globalsmodref-aa -aggr-aa -inst-simplify -simplifycfg-lite -loop-simplify -mergereturn -inst-simplify -inst-rectify -globaldce -dce -load-elim -bitop-lower -float-op-raise -fma-raise -loop-rewind -pointer-simplify -dce -cfgopt -dce -loop-bound -loop-dep -read-loop-dep -dce -dyn-mem-reuse -dce -recurrence-min -dce -share-scalar-alloca -deadargelim -dce -check-stream -norm-name -legalize -validate-dataflow -inst-clarity -bitwidth -dce -dump-loop-dep-to-ir -check-all-ssdm -dump-complexity-metric -cdfg-build C:/Users/musta/OneDrive/Documents/GitHub/Hardware_training_repo/workshop_3/vadd_hls/solution1/.autopilot/db/a.o.2.bc -o C:/Users/musta/OneDrive/Documents/GitHub/Hardware_training_repo/workshop_3/vadd_hls/solution1/.autopilot/db/a.o.3.bc -f -phase build-ssdm 
Execute           auto_get_db
INFO: [HLS 200-111] Finished Architecture Synthesis: CPU user time: 0 seconds. CPU system time: 0 seconds. Elapsed time: 0.036 seconds; current allocated memory: 154.527 MB.
INFO-FLOW: Finish building internal data model.
Command       opt_and_import_c done; 0.149 sec.
Command     elaborate done; 4.333 sec.
Execute     ap_eval exec zip -j C:/Users/musta/OneDrive/Documents/GitHub/Hardware_training_repo/workshop_3/vadd_hls/solution1/.autopilot/db/dut.hcp $dbDir/a.o.3.bc $dbDir/${topname}.rtl_wrap.cfg.tcl $dbDir/apatb_${topname}.cpp $dbDir/apatb_${topname}_util.cpp $dbDir/apatb_${topname}_ir.ll $dbDir/mapper_${topname}.cpp $dbDir/top-io-fe.xml $dbDir/kernel.internal.xml $workdir/../hls.app 
Execute     autosyn -from_csynth_design=1 
INFO: [HLS 200-10] Starting hardware synthesis ...
INFO-FLOW: Synthesizing C/C++ design ...
INFO: [HLS 200-10] Synthesizing 'vadd' ...
Execute       ap_set_top_model vadd 
Execute       get_model_list vadd -filter all-wo-channel -topdown 
Execute       preproc_iomode -model vadd 
Execute       get_model_list vadd -filter all-wo-channel 
INFO-FLOW: Model list for configure: vadd
INFO-FLOW: Configuring Module : vadd ...
Execute       set_default_model vadd 
Execute       apply_spec_resource_limit vadd 
INFO-FLOW: Model list for preprocess: vadd
INFO-FLOW: Preprocessing Module: vadd ...
Execute       set_default_model vadd 
Execute       cdfg_preprocess -model vadd 
Execute       rtl_gen_preprocess vadd 
INFO-FLOW: Model list for synthesis: vadd
INFO: [HLS 200-10] ----------------------------------------------------------------
INFO: [HLS 200-42] -- Implementing module 'vadd' 
INFO: [HLS 200-10] ----------------------------------------------------------------
Execute       set_default_model vadd 
Execute       schedule -model vadd 
INFO: [SCHED 204-11] Starting scheduling ...
INFO: [SCHED 204-11] Finished scheduling.
Command       schedule done; 0.155 sec.
INFO: [HLS 200-111] Finished Scheduling: CPU user time: 0 seconds. CPU system time: 0 seconds. Elapsed time: 0.31 seconds; current allocated memory: 154.527 MB.
Execute       syn_report -verbosereport -o C:/Users/musta/OneDrive/Documents/GitHub/Hardware_training_repo/workshop_3/vadd_hls/solution1/.autopilot/db/vadd.verbose.sched.rpt 
Execute         list_part -family xck26-sfvc784-2LV-c 
Execute           ap_family_info -name xck26-sfvc784-2LV-c -data names 
Execute           ap_part_info -quiet -name xck26-sfvc784-2LV-c -data family 
Command       syn_report done; 0.16 sec.
Execute       db_write -o C:/Users/musta/OneDrive/Documents/GitHub/Hardware_training_repo/workshop_3/vadd_hls/solution1/.autopilot/db/vadd.sched.adb -f 
INFO-FLOW: Finish scheduling vadd.
Execute       set_default_model vadd 
Execute       bind -model vadd 
INFO: [BIND 205-100] Starting micro-architecture generation ...
INFO: [BIND 205-101] Performing variable lifetime analysis.
INFO: [BIND 205-101] Exploring resource sharing.
INFO: [BIND 205-101] Binding ...
INFO: [BIND 205-100] Finished micro-architecture generation.
Command       bind done; 0.13 sec.
INFO: [HLS 200-111] Finished Binding: CPU user time: 0 seconds. CPU system time: 0 seconds. Elapsed time: 0.302 seconds; current allocated memory: 154.527 MB.
Execute       syn_report -verbosereport -o C:/Users/musta/OneDrive/Documents/GitHub/Hardware_training_repo/workshop_3/vadd_hls/solution1/.autopilot/db/vadd.verbose.bind.rpt 
Execute         list_part -family xck26-sfvc784-2LV-c 
Execute           ap_family_info -name xck26-sfvc784-2LV-c -data names 
Execute           ap_part_info -quiet -name xck26-sfvc784-2LV-c -data family 
Execute       db_write -o C:/Users/musta/OneDrive/Documents/GitHub/Hardware_training_repo/workshop_3/vadd_hls/solution1/.autopilot/db/vadd.bind.adb -f 
INFO-FLOW: Finish binding vadd.
Execute       get_model_list vadd -filter all-wo-channel 
INFO-FLOW: Preprocessing for RTLGen ...
Execute       rtl_gen_preprocess vadd 
INFO-FLOW: Model list for RTL generation: vadd
INFO: [HLS 200-10] ----------------------------------------------------------------
INFO: [HLS 200-10] -- Generating RTL for module 'vadd' 
INFO: [HLS 200-10] ----------------------------------------------------------------
Execute       create_rtl_model vadd -top_prefix  -sub_prefix vadd_ -mg_file C:/Users/musta/OneDrive/Documents/GitHub/Hardware_training_repo/workshop_3/vadd_hls/solution1/.autopilot/db/vadd.compgen.tcl 
WARNING: [RTGEN 206-101] Design contains AXI ports. Reset is fixed to synchronous and active low.
INFO: [RTGEN 206-500] Setting interface mode on port 'vadd/gmem' to 'm_axi'.
INFO: [RTGEN 206-500] Setting interface mode on port 'vadd/a' to 's_axilite & ap_none'.
INFO: [RTGEN 206-500] Setting interface mode on port 'vadd/b' to 's_axilite & ap_none'.
INFO: [RTGEN 206-500] Setting interface mode on port 'vadd/s' to 's_axilite & ap_none'.
INFO: [RTGEN 206-500] Setting interface mode on function 'vadd' to 's_axilite & ap_ctrl_hs'.
INFO: [RTGEN 206-100] Bundling port 'a', 'b', 's' to AXI-Lite port control.
INFO: [RTGEN 206-100] Finished creating RTL model for 'vadd'.
Command       create_rtl_model done; 0.163 sec.
INFO: [HLS 200-111] Finished Creating RTL model: CPU user time: 0 seconds. CPU system time: 0 seconds. Elapsed time: 0.262 seconds; current allocated memory: 156.496 MB.
Execute       source C:/Users/musta/OneDrive/Documents/GitHub/Hardware_training_repo/workshop_3/vadd_hls/solution1/.autopilot/db/vadd.rtl_wrap.cfg.tcl 
Execute       gen_rtl vadd -istop -style xilinx -f -lang vhdl -o C:/Users/musta/OneDrive/Documents/GitHub/Hardware_training_repo/workshop_3/vadd_hls/solution1/syn/vhdl/vadd 
Execute       gen_rtl vadd -istop -style xilinx -f -lang vlog -o C:/Users/musta/OneDrive/Documents/GitHub/Hardware_training_repo/workshop_3/vadd_hls/solution1/syn/verilog/vadd 
Execute       syn_report -csynth -model vadd -o C:/Users/musta/OneDrive/Documents/GitHub/Hardware_training_repo/workshop_3/vadd_hls/solution1/syn/report/vadd_csynth.rpt 
Execute         list_part -family xck26-sfvc784-2LV-c 
Execute           ap_family_info -name xck26-sfvc784-2LV-c -data names 
Execute           ap_part_info -quiet -name xck26-sfvc784-2LV-c -data family 
Execute       syn_report -rtlxml -model vadd -o C:/Users/musta/OneDrive/Documents/GitHub/Hardware_training_repo/workshop_3/vadd_hls/solution1/syn/report/vadd_csynth.xml 
Execute         list_part -family xck26-sfvc784-2LV-c 
Execute           ap_family_info -name xck26-sfvc784-2LV-c -data names 
Execute           ap_part_info -quiet -name xck26-sfvc784-2LV-c -data family 
Execute       syn_report -verbosereport -model vadd -o C:/Users/musta/OneDrive/Documents/GitHub/Hardware_training_repo/workshop_3/vadd_hls/solution1/.autopilot/db/vadd.verbose.rpt 
Execute         list_part -family xck26-sfvc784-2LV-c 
Execute           ap_family_info -name xck26-sfvc784-2LV-c -data names 
Execute           ap_part_info -quiet -name xck26-sfvc784-2LV-c -data family 
Execute       db_write -model vadd -f -o C:/Users/musta/OneDrive/Documents/GitHub/Hardware_training_repo/workshop_3/vadd_hls/solution1/.autopilot/db/vadd.adb 
Execute       db_write -model vadd -bindview -o C:/Users/musta/OneDrive/Documents/GitHub/Hardware_training_repo/workshop_3/vadd_hls/solution1/.autopilot/db/design.bindinfo.xml 
Execute       gen_tb_info vadd -p C:/Users/musta/OneDrive/Documents/GitHub/Hardware_training_repo/workshop_3/vadd_hls/solution1/.autopilot/db -o C:/Users/musta/OneDrive/Documents/GitHub/Hardware_training_repo/workshop_3/vadd_hls/solution1/.autopilot/db/vadd 
Execute       export_constraint_db -f -tool general -o C:/Users/musta/OneDrive/Documents/GitHub/Hardware_training_repo/workshop_3/vadd_hls/solution1/.autopilot/db/vadd.constraint.tcl 
Execute       syn_report -designview -model vadd -o C:/Users/musta/OneDrive/Documents/GitHub/Hardware_training_repo/workshop_3/vadd_hls/solution1/.autopilot/db/vadd.design.xml 
Execute       syn_report -csynthDesign -model vadd -o C:/Users/musta/OneDrive/Documents/GitHub/Hardware_training_repo/workshop_3/vadd_hls/solution1/syn/report/csynth.rpt -MHOut C:/Users/musta/OneDrive/Documents/GitHub/Hardware_training_repo/workshop_3/vadd_hls/solution1/.autopilot/db/kernel_module_hierarchy.tcl 
Execute         list_part -family xck26-sfvc784-2LV-c 
Execute           ap_family_info -name xck26-sfvc784-2LV-c -data names 
Execute           ap_part_info -quiet -name xck26-sfvc784-2LV-c -data family 
Execute       syn_report -wcfg -model vadd -o C:/Users/musta/OneDrive/Documents/GitHub/Hardware_training_repo/workshop_3/vadd_hls/solution1/.autopilot/db/vadd_dataflow_ana.wcfg 
Execute       syn_report -protoinst -model vadd -o C:/Users/musta/OneDrive/Documents/GitHub/Hardware_training_repo/workshop_3/vadd_hls/solution1/.autopilot/db/vadd.protoinst 
Execute       sc_get_clocks vadd 
Execute       sc_get_portdomain vadd 
INFO-FLOW: Model list for RTL component generation: vadd
INFO-FLOW: Handling components in module [vadd] ... 
Execute       source C:/Users/musta/OneDrive/Documents/GitHub/Hardware_training_repo/workshop_3/vadd_hls/solution1/.autopilot/db/vadd.compgen.tcl 
INFO-FLOW: Found component vadd_gmem_m_axi.
INFO-FLOW: Append model vadd_gmem_m_axi
INFO-FLOW: Found component vadd_control_s_axi.
INFO-FLOW: Append model vadd_control_s_axi
INFO-FLOW: Append model vadd
INFO-FLOW: Generating RTL model list ...
INFO-FLOW: All models in this session: vadd_gmem_m_axi vadd_control_s_axi vadd
INFO-FLOW: Generating C:/Users/musta/OneDrive/Documents/GitHub/Hardware_training_repo/workshop_3/vadd_hls/solution1/.autopilot/db/autopilot.rtl.models.txt file...
INFO-FLOW: To file: write model vadd_gmem_m_axi
INFO-FLOW: To file: write model vadd_control_s_axi
INFO-FLOW: To file: write model vadd
INFO-FLOW: Generating C:/Users/musta/OneDrive/Documents/GitHub/Hardware_training_repo/workshop_3/vadd_hls/solution1/.autopilot/db/autopilot.rtl.models.tcl file...
INFO-FLOW: Finished generating RTL model list.


INFO-FLOW: RTL Generation done.
INFO-FLOW: CAS Generation done.
INFO-FLOW: CBC Generation done.
INFO-FLOW: DBG:PROC: ::AESL_AUTOMG::auto_generate_csynth_design
INFO-FLOW: DBG:PUTS: read_platform_lib C:/Users/musta/OneDrive/Documents/GitHub/Hardware_training_repo/workshop_3/vadd_hls/solution1/.autopilot/db/global.setting.tcl
Execute       source C:/Xilinx/Vitis_HLS/2023.1/common/technology/generic/autopilot/common.gen 
Execute         source C:/Xilinx/Vitis_HLS/2023.1/common/technology/generic/autopilot/APCoreGen.gen 
Execute       source C:/Xilinx/Vitis_HLS/2023.1/common/technology/generic/autopilot/op.gen 
Execute       source C:/Xilinx/Vitis_HLS/2023.1/common/technology/generic/autopilot/op_simcore.gen 
Execute       source C:/Xilinx/Vitis_HLS/2023.1/common/technology/generic/autopilot/interface.gen 
Execute       source C:/Users/musta/OneDrive/Documents/GitHub/Hardware_training_repo/workshop_3/vadd_hls/solution1/.autopilot/db/global.setting.tcl 
Execute       source C:/Xilinx/Vitis_HLS/2023.1/common/technology/xilinx/common/xilinx.gen 
Execute         source C:/Xilinx/Vitis_HLS/2023.1/common/technology/xilinx/interface/plb46.gen 
Execute         source C:/Xilinx/Vitis_HLS/2023.1/common/technology/xilinx/interface/axi4.gen 
Execute         source C:/Xilinx/Vitis_HLS/2023.1/common/technology/xilinx/interface/nativeAXI4.gen 
Execute           source C:/Xilinx/Vitis_HLS/2023.1/common/technology/xilinx/interface/saxilite.gen 
Execute         source C:/Xilinx/Vitis_HLS/2023.1/common/technology/xilinx/scripts/xilinxcoregen.gen 
Execute         source C:/Xilinx/Vitis_HLS/2023.1/common/technology/xilinx/interface/XilEDKCoreGen.gen 
Execute         source C:/Xilinx/Vitis_HLS/2023.1/common/technology/xilinx/ip/dds_compiler.gen 
Execute         source C:/Xilinx/Vitis_HLS/2023.1/common/technology/xilinx/ip/util.gen 
Execute         source C:/Xilinx/Vitis_HLS/2023.1/common/technology/xilinx/ip/xfft.gen 
Execute         source C:/Xilinx/Vitis_HLS/2023.1/common/technology/xilinx/ip/xfir.gen 
Execute         source C:/Xilinx/Vitis_HLS/2023.1/common/technology/xilinx/DSP48/dsp48.gen 
INFO-FLOW: DBG:PUTS:   using AESL_AUTOCG::g_clock_period=10.000 (was NA)
INFO-FLOW: DBG:PROC: ::AESL_AUTOMG::generate_ip_cores gen_sim_model='1' gen_fp_models='0' gen_for_export='0' dstSCDir='' dstVhdlDir='C:/Users/musta/OneDrive/Documents/GitHub/Hardware_training_repo/workshop_3/vadd_hls/solution1/.autopilot/db/vhdl' dstVlogDir='C:/Users/musta/OneDrive/Documents/GitHub/Hardware_training_repo/workshop_3/vadd_hls/solution1/.autopilot/db/vlog' tclDir='C:/Users/musta/OneDrive/Documents/GitHub/Hardware_training_repo/workshop_3/vadd_hls/solution1/.autopilot/db' modelList='vadd_gmem_m_axi
vadd_control_s_axi
vadd
' expOnly='0'
Execute       source C:/Users/musta/OneDrive/Documents/GitHub/Hardware_training_repo/workshop_3/vadd_hls/solution1/.autopilot/db/global.setting.tcl 
Execute       ap_part_info -name xck26-sfvc784-2LV-c -data names -quiet 
Execute       ap_part_info -name xck26-sfvc784-2LV-c -data info -quiet 
Execute       source C:/Users/musta/OneDrive/Documents/GitHub/Hardware_training_repo/workshop_3/vadd_hls/solution1/.autopilot/db/global.setting.tcl 
Execute       source C:/Users/musta/OneDrive/Documents/GitHub/Hardware_training_repo/workshop_3/vadd_hls/solution1/.autopilot/db/global.setting.tcl 
Execute       source C:/Users/musta/OneDrive/Documents/GitHub/Hardware_training_repo/workshop_3/vadd_hls/solution1/.autopilot/db/vadd.compgen.tcl 
Execute         source ./control.slave.tcl 
INFO: [HLS 200-111] Finished Generating all RTL models: CPU user time: 0 seconds. CPU system time: 0 seconds. Elapsed time: 0.556 seconds; current allocated memory: 161.770 MB.
INFO-FLOW: DBG:PROC: ::HLSREPORTS::create_csynth_xml bind_info_var='bind_info' RtlSubPrefix='vadd_' outfile=''
INFO-FLOW: Running: create_csynth_xml read xml data
INFO-FLOW: Done: create_csynth_xml read xml data time: 0 seconds per iteration
INFO-FLOW: Running: create_csynth_xml bind info
INFO-FLOW: Done: create_csynth_xml bind info time: 0 seconds per iteration
INFO-FLOW: Running: create_csynth_xml config info
INFO-FLOW: Done: create_csynth_xml config info time: 0.3 seconds per iteration
INFO-FLOW: Running: create_csynth_xml write xml
INFO-FLOW: Done: create_csynth_xml write xml time: 0 seconds per iteration
INFO-FLOW: DBG:PUTS:      create_csynth_xml wrote csynth_xml=C:/Users/musta/OneDrive/Documents/GitHub/Hardware_training_repo/workshop_3/vadd_hls/solution1/syn/report/csynth.xml
INFO-FLOW: DBG:PROC: ::AP::DESIGN_DATA::generate_json generate_bd_files='0' generate_xo_files='0' modelList='vadd_gmem_m_axi
vadd_control_s_axi
vadd
' rtl_lang='both' bootstrap_tcl='false' outdir='' outfilename=''
Execute       source C:/Users/musta/OneDrive/Documents/GitHub/Hardware_training_repo/workshop_3/vadd_hls/solution1/.autopilot/db/global.setting.tcl 
Execute       source C:/Users/musta/OneDrive/Documents/GitHub/Hardware_training_repo/workshop_3/vadd_hls/solution1/.autopilot/db/global.setting.tcl 
Execute       source C:/Users/musta/OneDrive/Documents/GitHub/Hardware_training_repo/workshop_3/vadd_hls/solution1/.autopilot/db/top-io-be.tcl 
Execute       source C:/Users/musta/OneDrive/Documents/GitHub/Hardware_training_repo/workshop_3/vadd_hls/solution1/.autopilot/db/vadd.tbgen.tcl 
Execute       source C:/Users/musta/OneDrive/Documents/GitHub/Hardware_training_repo/workshop_3/vadd_hls/solution1/.autopilot/db/vadd.compgen.dataonly.tcl 
Execute       source C:/Users/musta/OneDrive/Documents/GitHub/Hardware_training_repo/workshop_3/vadd_hls/solution1/.autopilot/db/vadd.compgen.dataonly.tcl 
Execute       source C:/Users/musta/OneDrive/Documents/GitHub/Hardware_training_repo/workshop_3/vadd_hls/solution1/.autopilot/db/vadd.rtl_wrap.cfg.tcl 
Execute       source C:/Users/musta/OneDrive/Documents/GitHub/Hardware_training_repo/workshop_3/vadd_hls/solution1/.autopilot/db/vadd.compgen.dataonly.tcl 
Execute       source C:/Users/musta/OneDrive/Documents/GitHub/Hardware_training_repo/workshop_3/vadd_hls/solution1/.autopilot/db/vadd.tbgen.tcl 
Execute       source C:/Users/musta/OneDrive/Documents/GitHub/Hardware_training_repo/workshop_3/vadd_hls/solution1/.autopilot/db/global.setting.tcl 
Execute       ap_part_info -name xck26-sfvc784-2LV-c -data names -quiet 
Execute       ap_part_info -name xck26-sfvc784-2LV-c -data info -quiet 
Execute       source C:/Users/musta/OneDrive/Documents/GitHub/Hardware_training_repo/workshop_3/vadd_hls/solution1/.autopilot/db/vadd.constraint.tcl 
Execute       sc_get_clocks vadd 
Execute       source C:/Users/musta/OneDrive/Documents/GitHub/Hardware_training_repo/workshop_3/vadd_hls/solution1/.autopilot/db/global.setting.tcl 
INFO-FLOW: DBG:PROC: ::HLSREPORTS::add_csynth_report_sections bind_info_dict='adapter_nodes {{BINDTYPE adapter DISPLAY {bind_adapter axilite} ID {} IMPL {} LATENCY {} OPTYPE {} PRAGMA yes RTLNAME control_s_axi_U SOURCE {} VARIABLE {} MODULE vadd LOOP {} BUNDLEDNAME control DSP 0 BRAM 0 URAM 0} {BINDTYPE adapter DISPLAY {bind_adapter axi_master} ID {} IMPL {} LATENCY {} OPTYPE {} PRAGMA yes RTLNAME gmem_m_axi_U SOURCE {} VARIABLE {} MODULE vadd LOOP {} BUNDLEDNAME gmem DSP 0 BRAM 4 URAM 0}} report_dict {TOPINST vadd MODULE2INSTS {vadd vadd} INST2MODULE {vadd vadd} INSTDATA {vadd {DEPTH 1 CHILDREN {}}} MODULEDATA {vadd {BINDINFO {{BINDTYPE op ID {} IMPL fabric LATENCY 0 OPTYPE add PRAGMA {} RTLNAME add_ln10_fu_208_p2 SOURCE vadd_hls/vadd.cpp:10 VARIABLE add_ln10 LOOP VITIS_LOOP_10_1 BUNDLEDNAME {} DSP 0 BRAM 0 URAM 0 DISPNAME {bind_op add}} {BINDTYPE op ID {} IMPL fabric LATENCY 0 OPTYPE add PRAGMA {} RTLNAME add_ln12_fu_214_p2 SOURCE vadd_hls/vadd.cpp:12 VARIABLE add_ln12 LOOP VITIS_LOOP_10_1 BUNDLEDNAME {} DSP 0 BRAM 0 URAM 0 DISPNAME {bind_op add}} {BINDTYPE op ID {} IMPL fabric LATENCY 0 OPTYPE add PRAGMA {} RTLNAME add_ln12_1_fu_229_p2 SOURCE vadd_hls/vadd.cpp:12 VARIABLE add_ln12_1 LOOP VITIS_LOOP_10_1 BUNDLEDNAME {} DSP 0 BRAM 0 URAM 0 DISPNAME {bind_op add}} {BINDTYPE op ID {} IMPL fabric LATENCY 0 OPTYPE add PRAGMA {} RTLNAME add_ln12_2_fu_249_p2 SOURCE vadd_hls/vadd.cpp:12 VARIABLE add_ln12_2 LOOP VITIS_LOOP_10_1 BUNDLEDNAME {} DSP 0 BRAM 0 URAM 0 DISPNAME {bind_op add}}} AREA {DSP 0 BRAM 4 URAM 0}}}}'
INFO-FLOW: DBG:PUTS:      update_csynth_reports json2rpt_hw_sw_interfaces
Execute       send_msg_by_id INFO @200-1603@%s  and missed bursts 
INFO: [HLS 200-1603] Design has inferred MAXI bursts and missed bursts, see Vitis HLS GUI synthesis summary report for detailed information.
INFO-FLOW: Running: gen_csynth_sec_pragma
INFO-FLOW: Done: gen_csynth_sec_pragma time: 0 seconds per iteration
INFO-FLOW: DBG:PUTS:      update_csynth_reports wrote xml
INFO-FLOW: DBG:PUTS:      update_csynth_reports appended to csynth rpt file
INFO: [HLS 200-111] Finished Updating report files: CPU user time: 0 seconds. CPU system time: 0 seconds. Elapsed time: 0.869 seconds; current allocated memory: 168.887 MB.
INFO: [VHDL 208-304] Generating VHDL RTL for vadd.
INFO: [VLOG 209-307] Generating Verilog RTL for vadd.
Execute       syn_report -model vadd -printsummary 
INFO: [HLS 200-790] **** Loop Constraint Status: All loop constraints were satisfied.
INFO: [HLS 200-789] **** Estimated Fmax: 136.99 MHz
Command     autosyn done; 2.288 sec.
Command   csynth_design done; 6.822 sec.
INFO: [HLS 200-111] Finished Command csynth_design CPU user time: 1 seconds. CPU system time: 1 seconds. Elapsed time: 6.822 seconds; current allocated memory: 44.129 MB.
Command ap_source done; 8.519 sec.
Execute cleanup_all 
INFO-FLOW: Workspace C:/Users/musta/OneDrive/Documents/GitHub/Hardware_training_repo/workshop_3/vadd_hls/solution1 opened at Mon Aug 21 15:51:38 +1000 2023
Execute     ap_set_clock -name default -period 10 -default=false 
INFO: [SYN 201-201] Setting up clock 'default' with a period of 10ns.
Execute     set_part xck26-sfvc784-2LV-c 
Execute       create_platform xck26-sfvc784-2LV-c -board  
DBG:HLSDevice: Trying to load device library: C:/Xilinx/Vitis_HLS/2023.1\lib\win64.o\xv_hlsvwrap.dll
DBG:HLSDevice: first parts/arch.xml in RDI_DATADIR: C:/Xilinx/Vivado/2023.1/data/parts/arch.xml
DBG:HLSDevice: init success
INFO: [HLS 200-1611] Setting target device to 'xck26-sfvc784-2LV-c'
Command       create_platform done; 1.127 sec.
Execute       source C:/Xilinx/Vitis_HLS/2023.1/common/technology/xilinx/common/xilinx.gen 
Execute         source C:/Xilinx/Vitis_HLS/2023.1/common/technology/xilinx/interface/plb46.gen 
Execute         source C:/Xilinx/Vitis_HLS/2023.1/common/technology/xilinx/interface/axi4.gen 
Execute         source C:/Xilinx/Vitis_HLS/2023.1/common/technology/xilinx/interface/nativeAXI4.gen 
Execute           source C:/Xilinx/Vitis_HLS/2023.1/common/technology/xilinx/interface/saxilite.gen 
Execute         source C:/Xilinx/Vitis_HLS/2023.1/common/technology/xilinx/scripts/xilinxcoregen.gen 
Execute         source C:/Xilinx/Vitis_HLS/2023.1/common/technology/xilinx/interface/XilEDKCoreGen.gen 
Execute         source C:/Xilinx/Vitis_HLS/2023.1/common/technology/xilinx/ip/dds_compiler.gen 
Execute         source C:/Xilinx/Vitis_HLS/2023.1/common/technology/xilinx/ip/util.gen 
Execute         source C:/Xilinx/Vitis_HLS/2023.1/common/technology/xilinx/ip/xfft.gen 
Execute         source C:/Xilinx/Vitis_HLS/2023.1/common/technology/xilinx/ip/xfir.gen 
Execute         source C:/Xilinx/Vitis_HLS/2023.1/common/technology/xilinx/DSP48/dsp48.gen 
Command       ap_source done; 0.114 sec.
Execute       ap_part_info -name xck26-sfvc784-2LV-c -data info 
Execute       config_compile -quiet -complex-mul-dsp=0 
Command     set_part done; 1.278 sec.
Execute     send_msg_by_id INFO @200-1505@%s%s  vivado 
INFO: [HLS 200-1505] Using flow_target 'vivado'
Execute     send_msg_by_id INFO @200-1464@%s config_cosim -enable_dataflow_profiling=1 
INFO: [HLS 200-1464] Running solution command: config_cosim -enable_dataflow_profiling=1
Execute     config_cosim -enable_dataflow_profiling=1 
Execute     send_msg_by_id INFO @200-1464@%s config_cosim -tool=xsim 
INFO: [HLS 200-1464] Running solution command: config_cosim -tool=xsim
Execute     config_cosim -tool=xsim 
Execute     send_msg_by_id INFO @200-1464@%s config_cosim -trace_level=all 
INFO: [HLS 200-1464] Running solution command: config_cosim -trace_level=all
Execute     config_cosim -trace_level=all 
Execute     send_msg_by_id INFO @200-1464@%s config_cosim -wave_debug=1 
INFO: [HLS 200-1464] Running solution command: config_cosim -wave_debug=1
Execute     config_cosim -wave_debug=1 
Command   open_solution done; 1.407 sec.
Execute   set_part xck26-sfvc784-2LV-c 
INFO: [HLS 200-1510] Running: set_part xck26-sfvc784-2LV-c 
Execute     create_platform xck26-sfvc784-2LV-c -board  
Execute     source C:/Xilinx/Vitis_HLS/2023.1/common/technology/xilinx/common/xilinx.gen 
Execute       source C:/Xilinx/Vitis_HLS/2023.1/common/technology/xilinx/interface/plb46.gen 
Execute       source C:/Xilinx/Vitis_HLS/2023.1/common/technology/xilinx/interface/axi4.gen 
Execute       source C:/Xilinx/Vitis_HLS/2023.1/common/technology/xilinx/interface/nativeAXI4.gen 
Execute         source C:/Xilinx/Vitis_HLS/2023.1/common/technology/xilinx/interface/saxilite.gen 
Execute       source C:/Xilinx/Vitis_HLS/2023.1/common/technology/xilinx/scripts/xilinxcoregen.gen 
Execute       source C:/Xilinx/Vitis_HLS/2023.1/common/technology/xilinx/interface/XilEDKCoreGen.gen 
Execute       source C:/Xilinx/Vitis_HLS/2023.1/common/technology/xilinx/ip/dds_compiler.gen 
Execute       source C:/Xilinx/Vitis_HLS/2023.1/common/technology/xilinx/ip/util.gen 
Execute       source C:/Xilinx/Vitis_HLS/2023.1/common/technology/xilinx/ip/xfft.gen 
Execute       source C:/Xilinx/Vitis_HLS/2023.1/common/technology/xilinx/ip/xfir.gen 
Execute       source C:/Xilinx/Vitis_HLS/2023.1/common/technology/xilinx/DSP48/dsp48.gen 
Command     ap_source done; 0.103 sec.
Execute     ap_part_info -name xck26-sfvc784-2LV-c -data info 
Execute     config_compile -quiet -complex-mul-dsp=0 
Command   set_part done; 0.157 sec.
Execute   create_clock -period 10 -name default 
INFO: [HLS 200-1510] Running: create_clock -period 10 -name default 
Execute     ap_set_clock -name default -period 10 -default=false 
INFO: [SYN 201-201] Setting up clock 'default' with a period of 10ns.
Execute   config_cosim -enable_dataflow_profiling -tool xsim -trace_level all -wave_debug 
INFO: [HLS 200-1510] Running: config_cosim -enable_dataflow_profiling -tool xsim -trace_level all -wave_debug 
Execute   export_design -rtl verilog -format ip_catalog 
INFO: [HLS 200-1510] Running: export_design -rtl verilog -format ip_catalog 
Execute     config_export -format=ip_catalog -rtl=verilog 
INFO-FLOW: DBG:PUTS: export_design_wrap: -format ip_catalog -rtl verilog
Execute     source C:/Users/musta/OneDrive/Documents/GitHub/Hardware_training_repo/workshop_3/vadd_hls/solution1/.autopilot/db/global.setting.tcl 
INFO-FLOW: DBG:PUTS:   auto_impl: pack: -export -rtl verilog
INFO-FLOW: DBG:PROC: ::AESL_AUTOIMPL::auto_impl args='-export -rtl verilog'
Execute     source C:/Users/musta/OneDrive/Documents/GitHub/Hardware_training_repo/workshop_3/vadd_hls/solution1/.autopilot/db/global.setting.tcl 
INFO: [IMPL 213-8] Exporting RTL as a Vivado IP.
INFO-FLOW: DBG:PUTS: automg_wrap -export -pcore_version 1.00.a -rtl vlog -tool Vivado -impltomg_flag
INFO-FLOW: DBG:PROC: ::AESL_AUTOMG::auto_generate args='-export -pcore_version 1.00.a -rtl vlog -tool Vivado -impltomg_flag'
INFO-FLOW: DBG:PUTS:     auto_generate -export -pcore_version 1.00.a -rtl vlog -tool Vivado -impltomg_flag
Execute     source C:/Users/musta/OneDrive/Documents/GitHub/Hardware_training_repo/workshop_3/vadd_hls/solution1/.autopilot/db/global.setting.tcl 
INFO-FLOW: DBG:PUTS: read_platform_lib C:/Users/musta/OneDrive/Documents/GitHub/Hardware_training_repo/workshop_3/vadd_hls/solution1/.autopilot/db/global.setting.tcl
Execute     source C:/Xilinx/Vitis_HLS/2023.1/common/technology/generic/autopilot/common.gen 
Execute       source C:/Xilinx/Vitis_HLS/2023.1/common/technology/generic/autopilot/APCoreGen.gen 
Execute     source C:/Xilinx/Vitis_HLS/2023.1/common/technology/generic/autopilot/op.gen 
Execute     source C:/Xilinx/Vitis_HLS/2023.1/common/technology/generic/autopilot/op_simcore.gen 
Execute     source C:/Xilinx/Vitis_HLS/2023.1/common/technology/generic/autopilot/interface.gen 
Execute     source C:/Users/musta/OneDrive/Documents/GitHub/Hardware_training_repo/workshop_3/vadd_hls/solution1/.autopilot/db/global.setting.tcl 
Execute     source C:/Xilinx/Vitis_HLS/2023.1/common/technology/xilinx/common/xilinx.gen 
Execute       source C:/Xilinx/Vitis_HLS/2023.1/common/technology/xilinx/interface/plb46.gen 
Execute       source C:/Xilinx/Vitis_HLS/2023.1/common/technology/xilinx/interface/axi4.gen 
Execute       source C:/Xilinx/Vitis_HLS/2023.1/common/technology/xilinx/interface/nativeAXI4.gen 
Execute         source C:/Xilinx/Vitis_HLS/2023.1/common/technology/xilinx/interface/saxilite.gen 
Execute       source C:/Xilinx/Vitis_HLS/2023.1/common/technology/xilinx/scripts/xilinxcoregen.gen 
Execute       source C:/Xilinx/Vitis_HLS/2023.1/common/technology/xilinx/interface/XilEDKCoreGen.gen 
Execute       source C:/Xilinx/Vitis_HLS/2023.1/common/technology/xilinx/ip/dds_compiler.gen 
Execute       source C:/Xilinx/Vitis_HLS/2023.1/common/technology/xilinx/ip/util.gen 
Execute       source C:/Xilinx/Vitis_HLS/2023.1/common/technology/xilinx/ip/xfft.gen 
Execute       source C:/Xilinx/Vitis_HLS/2023.1/common/technology/xilinx/ip/xfir.gen 
Execute       source C:/Xilinx/Vitis_HLS/2023.1/common/technology/xilinx/DSP48/dsp48.gen 
Command     ap_source done; 0.108 sec.
INFO-FLOW: DBG:PUTS:   using AESL_AUTOCG::g_clock_period=10.000 (was NA)
INFO-FLOW: DBG:PUTS:       initCTypeInfo top_module=vadd xml_exists=0
Execute     source C:/Users/musta/OneDrive/Documents/GitHub/Hardware_training_repo/workshop_3/vadd_hls/solution1/.autopilot/db/vadd.rtl_wrap.cfg.tcl 
Execute     source C:/Users/musta/OneDrive/Documents/GitHub/Hardware_training_repo/workshop_3/vadd_hls/solution1/.autopilot/db/vadd.rtl_wrap.cfg.tcl 
Execute     source C:/Users/musta/OneDrive/Documents/GitHub/Hardware_training_repo/workshop_3/vadd_hls/solution1/.autopilot/db/vadd.rtl_wrap.cfg.tcl 
Execute     source C:/Users/musta/OneDrive/Documents/GitHub/Hardware_training_repo/workshop_3/vadd_hls/solution1/.autopilot/db/vadd.tbgen.tcl 
Execute     source C:/Users/musta/OneDrive/Documents/GitHub/Hardware_training_repo/workshop_3/vadd_hls/solution1/.autopilot/db/vadd.tbgen.tcl 
Execute     source C:/Users/musta/OneDrive/Documents/GitHub/Hardware_training_repo/workshop_3/vadd_hls/solution1/.autopilot/db/global.setting.tcl 
Execute     source C:/Users/musta/OneDrive/Documents/GitHub/Hardware_training_repo/workshop_3/vadd_hls/solution1/.autopilot/db/vadd.tbgen.tcl 
INFO-FLOW: DBG:PUTS:       cosim_export_main adding deadlock detection to vadd
INFO-FLOW: DBG:PUTS: Skipping loadAnalyze_DB, #g_database=4
INFO-FLOW: DBG:PUTS:       generate_json generate_bd_files=0 generate_xo_files=false #modelList=3 #gSsdmPorts=0
INFO-FLOW: DBG:PROC: ::AP::DESIGN_DATA::generate_json generate_bd_files='0' generate_xo_files='false' modelList='vadd_gmem_m_axi
vadd_control_s_axi
vadd
' rtl_lang='vlog' bootstrap_tcl='false' outdir='' outfilename=''
Execute     source C:/Xilinx/Vitis_HLS/2023.1/tps/tcl/tcllib1.11.1/yaml/huddle.tcl 
Execute     source C:/Xilinx/Vitis_HLS/2023.1/tps/tcl/tcllib1.11.1/yaml/json2huddle.tcl 
Execute       source C:/Xilinx/Vitis_HLS/2023.1/tps/tcl/tcllib1.11.1/try/try.tcl 
Execute     source C:/Users/musta/OneDrive/Documents/GitHub/Hardware_training_repo/workshop_3/vadd_hls/solution1/.autopilot/db/global.setting.tcl 
Execute     source C:/Users/musta/OneDrive/Documents/GitHub/Hardware_training_repo/workshop_3/vadd_hls/solution1/.autopilot/db/global.setting.tcl 
Execute     source C:/Users/musta/OneDrive/Documents/GitHub/Hardware_training_repo/workshop_3/vadd_hls/solution1/.autopilot/db/top-io-be.tcl 
Execute     source C:/Users/musta/OneDrive/Documents/GitHub/Hardware_training_repo/workshop_3/vadd_hls/solution1/.autopilot/db/vadd.tbgen.tcl 
Execute     source C:/Users/musta/OneDrive/Documents/GitHub/Hardware_training_repo/workshop_3/vadd_hls/solution1/.autopilot/db/vadd.compgen.dataonly.tcl 
Execute     source C:/Users/musta/OneDrive/Documents/GitHub/Hardware_training_repo/workshop_3/vadd_hls/solution1/.autopilot/db/vadd.compgen.dataonly.tcl 
Execute     source C:/Users/musta/OneDrive/Documents/GitHub/Hardware_training_repo/workshop_3/vadd_hls/solution1/.autopilot/db/vadd.rtl_wrap.cfg.tcl 
Execute     source C:/Users/musta/OneDrive/Documents/GitHub/Hardware_training_repo/workshop_3/vadd_hls/solution1/.autopilot/db/vadd.compgen.dataonly.tcl 
Execute     source C:/Users/musta/OneDrive/Documents/GitHub/Hardware_training_repo/workshop_3/vadd_hls/solution1/.autopilot/db/vadd.tbgen.tcl 
Execute     source C:/Users/musta/OneDrive/Documents/GitHub/Hardware_training_repo/workshop_3/vadd_hls/solution1/.autopilot/db/global.setting.tcl 
Execute     ap_part_info -name xck26-sfvc784-2LV-c -data names -quiet 
Execute     ap_part_info -name xck26-sfvc784-2LV-c -data info -quiet 
Execute     source C:/Users/musta/OneDrive/Documents/GitHub/Hardware_training_repo/workshop_3/vadd_hls/solution1/.autopilot/db/vadd.constraint.tcl 
Execute     sc_get_clocks vadd 
Execute     source C:/Users/musta/OneDrive/Documents/GitHub/Hardware_training_repo/workshop_3/vadd_hls/solution1/.autopilot/db/global.setting.tcl 
Execute     source C:/Users/musta/OneDrive/Documents/GitHub/Hardware_training_repo/workshop_3/vadd_hls/solution1/.autopilot/db/global.setting.tcl 
Execute     source C:/Users/musta/OneDrive/Documents/GitHub/Hardware_training_repo/workshop_3/vadd_hls/solution1/.autopilot/db/vadd.tbgen.tcl 
INFO-FLOW: DBG:PUTS:       cosim_export_main adding deadlock detection to vadd
INFO-FLOW: DBG:PUTS:       copy ip_driver_dir 1_0 C:/Users/musta/OneDrive/Documents/GitHub/Hardware_training_repo/workshop_3/vadd_hls/solution1/.autopilot/db/driver
INFO-FLOW: DBG:PUTS:       generate_ip_script #gSsdmPorts=0 g_lang=vlog is_sdaccel=false is_sdsoc=true xo_file=
Execute     ap_part_info -name xck26-sfvc784-2LV-c -data names -quiet 
Execute     ap_part_info -name xck26-sfvc784-2LV-c -data info -quiet 
Execute     ap_part_info -name xck26-sfvc784-2LV-c -data names -quiet 
Execute     ap_part_info -name xck26-sfvc784-2LV-c -data info -quiet 
Execute     source C:/Users/musta/OneDrive/Documents/GitHub/Hardware_training_repo/workshop_3/vadd_hls/solution1/.autopilot/db/vadd.tbgen.tcl 
Execute     source C:/Users/musta/OneDrive/Documents/GitHub/Hardware_training_repo/workshop_3/vadd_hls/solution1/.autopilot/db/vadd.compgen.dataonly.tcl 
Execute     source C:/Users/musta/OneDrive/Documents/GitHub/Hardware_training_repo/workshop_3/vadd_hls/solution1/.autopilot/db/vadd.compgen.dataonly.tcl 
Execute     source C:/Users/musta/OneDrive/Documents/GitHub/Hardware_training_repo/workshop_3/vadd_hls/solution1/.autopilot/db/global.setting.tcl 
INFO-FLOW: DBG:PUTS:       generate_top_info
INFO-FLOW: DBG:PUTS:       prepArgInfo -> loadAnalyze_DB top_module=vadd
Execute     source C:/Users/musta/OneDrive/Documents/GitHub/Hardware_training_repo/workshop_3/vadd_hls/solution1/.autopilot/db/vadd.rtl_wrap.cfg.tcl 
Execute     source C:/Users/musta/OneDrive/Documents/GitHub/Hardware_training_repo/workshop_3/vadd_hls/solution1/.autopilot/db/vadd.rtl_wrap.cfg.tcl 
Execute     source C:/Users/musta/OneDrive/Documents/GitHub/Hardware_training_repo/workshop_3/vadd_hls/solution1/.autopilot/db/vadd.rtl_wrap.cfg.tcl 
Execute     source C:/Users/musta/OneDrive/Documents/GitHub/Hardware_training_repo/workshop_3/vadd_hls/solution1/.autopilot/db/vadd.tbgen.tcl 
Execute     source C:/Users/musta/OneDrive/Documents/GitHub/Hardware_training_repo/workshop_3/vadd_hls/solution1/.autopilot/db/vadd.tbgen.tcl 
Execute     ap_part_info -name xck26-sfvc784-2LV-c -data names -quiet 
Execute     ap_part_info -name xck26-sfvc784-2LV-c -data info -quiet 
Execute     source C:/Users/musta/OneDrive/Documents/GitHub/Hardware_training_repo/workshop_3/vadd_hls/solution1/.autopilot/db/global.setting.tcl 
Execute     ap_part_info -name xck26-sfvc784-2LV-c -data names -quiet 
Execute     ap_part_info -name xck26-sfvc784-2LV-c -data info -quiet 
Execute     ap_part_info -name xck26-sfvc784-2LV-c -data names -quiet 
Execute     ap_part_info -name xck26-sfvc784-2LV-c -data info -quiet 
Execute     source C:/Users/musta/OneDrive/Documents/GitHub/Hardware_training_repo/workshop_3/vadd_hls/solution1/.autopilot/db/vadd.tbgen.tcl 
Execute     source C:/Users/musta/OneDrive/Documents/GitHub/Hardware_training_repo/workshop_3/vadd_hls/solution1/.autopilot/db/global.setting.tcl 
Execute     source C:/Users/musta/OneDrive/Documents/GitHub/Hardware_training_repo/workshop_3/vadd_hls/solution1/.autopilot/db/vadd.constraint.tcl 
INFO-FLOW: DBG:PUTS:       generate_syn_sh
Execute     ap_part_info -name xck26-sfvc784-2LV-c -data names -quiet 
Execute     ap_part_info -name xck26-sfvc784-2LV-c -data info -quiet 
Execute     source C:/Users/musta/OneDrive/Documents/GitHub/Hardware_training_repo/workshop_3/vadd_hls/solution1/.autopilot/db/global.setting.tcl 
INFO-FLOW: DBG:PUTS:       generate_imp_constraints
Execute     ap_part_info -name xck26-sfvc784-2LV-c -data names -quiet 
Execute     ap_part_info -name xck26-sfvc784-2LV-c -data info -quiet 
Execute     source C:/Users/musta/OneDrive/Documents/GitHub/Hardware_training_repo/workshop_3/vadd_hls/solution1/.autopilot/db/vadd.constraint.tcl 
Execute     source C:/Users/musta/OneDrive/Documents/GitHub/Hardware_training_repo/workshop_3/vadd_hls/solution1/.autopilot/db/vadd.tbgen.tcl 
INFO-FLOW: DBG:PUTS:       delete-temp-dirs (skipped for debug)
Execute     ap_part_info -name xck26-sfvc784-2LV-c -data names -quiet 
Execute     ap_part_info -name xck26-sfvc784-2LV-c -data info -quiet 
INFO-FLOW: DBG:PUTS: read_platform_lib C:/Users/musta/OneDrive/Documents/GitHub/Hardware_training_repo/workshop_3/vadd_hls/solution1/.autopilot/db/global.setting.tcl
Execute     source C:/Xilinx/Vitis_HLS/2023.1/common/technology/generic/autopilot/common.gen 
Execute       source C:/Xilinx/Vitis_HLS/2023.1/common/technology/generic/autopilot/APCoreGen.gen 
Execute     source C:/Xilinx/Vitis_HLS/2023.1/common/technology/generic/autopilot/op.gen 
Execute     source C:/Xilinx/Vitis_HLS/2023.1/common/technology/generic/autopilot/op_simcore.gen 
Execute     source C:/Xilinx/Vitis_HLS/2023.1/common/technology/generic/autopilot/interface.gen 
Execute     source C:/Users/musta/OneDrive/Documents/GitHub/Hardware_training_repo/workshop_3/vadd_hls/solution1/.autopilot/db/global.setting.tcl 
Execute     source C:/Xilinx/Vitis_HLS/2023.1/common/technology/xilinx/common/xilinx.gen 
Execute       source C:/Xilinx/Vitis_HLS/2023.1/common/technology/xilinx/interface/plb46.gen 
Execute       source C:/Xilinx/Vitis_HLS/2023.1/common/technology/xilinx/interface/axi4.gen 
Execute       source C:/Xilinx/Vitis_HLS/2023.1/common/technology/xilinx/interface/nativeAXI4.gen 
Execute         source C:/Xilinx/Vitis_HLS/2023.1/common/technology/xilinx/interface/saxilite.gen 
Execute       source C:/Xilinx/Vitis_HLS/2023.1/common/technology/xilinx/scripts/xilinxcoregen.gen 
Execute       source C:/Xilinx/Vitis_HLS/2023.1/common/technology/xilinx/interface/XilEDKCoreGen.gen 
Execute       source C:/Xilinx/Vitis_HLS/2023.1/common/technology/xilinx/ip/dds_compiler.gen 
Execute       source C:/Xilinx/Vitis_HLS/2023.1/common/technology/xilinx/ip/util.gen 
Execute       source C:/Xilinx/Vitis_HLS/2023.1/common/technology/xilinx/ip/xfft.gen 
Execute       source C:/Xilinx/Vitis_HLS/2023.1/common/technology/xilinx/ip/xfir.gen 
Execute       source C:/Xilinx/Vitis_HLS/2023.1/common/technology/xilinx/DSP48/dsp48.gen 
INFO-FLOW: DBG:PUTS:     IP package: exec C:/Users/musta/OneDrive/Documents/GitHub/Hardware_training_repo/workshop_3/vadd_hls/solution1/impl/ip/pack.bat
INFO-FLOW: DBG:PUTS:     IP package: success C:/Users/musta/OneDrive/Documents/GitHub/Hardware_training_repo/workshop_3/vadd_hls/solution1/impl/ip/pack.bat
Execute     send_msg_by_id INFO @200-802@%s vadd_hls/solution1/impl/export.zip 
INFO: [HLS 200-802] Generated output file vadd_hls/solution1/impl/export.zip
Command   export_design done; 15.073 sec.
INFO: [HLS 200-111] Finished Command export_design CPU user time: 0 seconds. CPU system time: 0 seconds. Elapsed time: 15.073 seconds; current allocated memory: 8.391 MB.
Command ap_source done; 16.721 sec.
Execute cleanup_all 
