
*** Running vivado
    with args -log design_1_axi_bram_ctrl_b_0.vds -m64 -product Vivado -mode batch -messageDb vivado.pb -notrace -source design_1_axi_bram_ctrl_b_0.tcl


ECHO is off.
ECHO is off.

****** Vivado v2023.1 (64-bit)
  **** SW Build 3865809 on Sun May  7 15:05:29 MDT 2023
  **** IP Build 3864474 on Sun May  7 20:36:21 MDT 2023
  **** SharedData Build 3865790 on Sun May 07 13:33:03 MDT 2023
    ** Copyright 1986-2022 Xilinx, Inc. All Rights Reserved.
    ** Copyright 2022-2023 Advanced Micro Devices, Inc. All Rights Reserved.

source design_1_axi_bram_ctrl_b_0.tcl -notrace
create_project: Time (s): cpu = 00:00:04 ; elapsed = 00:00:08 . Memory (MB): peak = 473.961 ; gain = 161.148
INFO: [IP_Flow 19-6924] IPCACHE: Running cache check for IP inst: design_1_axi_bram_ctrl_b_0
INFO: [IP_Flow 19-6922] IPCACHE: Exporting cached entry 303ac5f500426274 to dir: C:/Users/musta/OneDrive/Documents/GitHub/Hardware_training_repo/workshop_2/workshop_2.runs/design_1_axi_bram_ctrl_b_0_synth_1
INFO: [IP_Flow 19-6928] IPCACHE: copied cached file c:/Users/musta/OneDrive/Documents/GitHub/Hardware_training_repo/workshop_2/workshop_2.cache/ip/2023.1/3/0/303ac5f500426274/design_1_axi_bram_ctrl_a_0.dcp to C:/Users/musta/OneDrive/Documents/GitHub/Hardware_training_repo/workshop_2/workshop_2.runs/design_1_axi_bram_ctrl_b_0_synth_1/design_1_axi_bram_ctrl_b_0.dcp.
INFO: [IP_Flow 19-6928] IPCACHE: copied cached file c:/Users/musta/OneDrive/Documents/GitHub/Hardware_training_repo/workshop_2/workshop_2.cache/ip/2023.1/3/0/303ac5f500426274/design_1_axi_bram_ctrl_a_0_sim_netlist.v to C:/Users/musta/OneDrive/Documents/GitHub/Hardware_training_repo/workshop_2/workshop_2.runs/design_1_axi_bram_ctrl_b_0_synth_1/design_1_axi_bram_ctrl_b_0_sim_netlist.v.
INFO: [IP_Flow 19-6928] IPCACHE: copied cached file c:/Users/musta/OneDrive/Documents/GitHub/Hardware_training_repo/workshop_2/workshop_2.cache/ip/2023.1/3/0/303ac5f500426274/design_1_axi_bram_ctrl_a_0_sim_netlist.vhdl to C:/Users/musta/OneDrive/Documents/GitHub/Hardware_training_repo/workshop_2/workshop_2.runs/design_1_axi_bram_ctrl_b_0_synth_1/design_1_axi_bram_ctrl_b_0_sim_netlist.vhdl.
INFO: [IP_Flow 19-6928] IPCACHE: copied cached file c:/Users/musta/OneDrive/Documents/GitHub/Hardware_training_repo/workshop_2/workshop_2.cache/ip/2023.1/3/0/303ac5f500426274/design_1_axi_bram_ctrl_a_0_stub.v to C:/Users/musta/OneDrive/Documents/GitHub/Hardware_training_repo/workshop_2/workshop_2.runs/design_1_axi_bram_ctrl_b_0_synth_1/design_1_axi_bram_ctrl_b_0_stub.v.
INFO: [IP_Flow 19-6928] IPCACHE: copied cached file c:/Users/musta/OneDrive/Documents/GitHub/Hardware_training_repo/workshop_2/workshop_2.cache/ip/2023.1/3/0/303ac5f500426274/design_1_axi_bram_ctrl_a_0_stub.vhdl to C:/Users/musta/OneDrive/Documents/GitHub/Hardware_training_repo/workshop_2/workshop_2.runs/design_1_axi_bram_ctrl_b_0_synth_1/design_1_axi_bram_ctrl_b_0_stub.vhdl.
INFO: [IP_Flow 19-4838] Using cached IP synthesis design for IP design_1_axi_bram_ctrl_b_0, cache-ID = 303ac5f500426274.
INFO: [Common 17-206] Exiting Vivado at Mon Aug 21 14:29:35 2023...
