
*** Running vivado
    with args -log design_1_vadd_0_0.vds -m64 -product Vivado -mode batch -messageDb vivado.pb -notrace -source design_1_vadd_0_0.tcl


ECHO is off.
ECHO is off.

****** Vivado v2023.1 (64-bit)
  **** SW Build 3865809 on Sun May  7 15:05:29 MDT 2023
  **** IP Build 3864474 on Sun May  7 20:36:21 MDT 2023
  **** SharedData Build 3865790 on Sun May 07 13:33:03 MDT 2023
    ** Copyright 1986-2022 Xilinx, Inc. All Rights Reserved.
    ** Copyright 2022-2023 Advanced Micro Devices, Inc. All Rights Reserved.

source design_1_vadd_0_0.tcl -notrace
create_project: Time (s): cpu = 00:00:06 ; elapsed = 00:00:08 . Memory (MB): peak = 472.367 ; gain = 159.613
INFO: [IP_Flow 19-234] Refreshing IP repositories
INFO: [IP_Flow 19-1704] No user IP repositories specified
INFO: [IP_Flow 19-2313] Loaded Vivado IP repository 'C:/Xilinx/Vivado/2023.1/data/ip'.
WARNING: [IP_Flow 19-4995] The host OS only allows 260 characters in a normal path. The IP cache path is more than 80 characters. If you experience issues with IP caching, please consider changing the IP cache to a location with a shorter path. Alternately consider using the OS subst command to map part of the path to a drive letter. 
Current IP cache path is c:/Users/musta/OneDrive/Documents/GitHub/Hardware_training_repo/workshop_2/workshop_2.cache/ip 
INFO: [IP_Flow 19-6924] IPCACHE: Running cache check for IP inst: design_1_vadd_0_0
Command: synth_design -top design_1_vadd_0_0 -part xck26-sfvc784-2LV-c -incremental_mode off -mode out_of_context
Starting synth_design
Attempting to get a license for feature 'Synthesis' and/or device 'xck26'
INFO: [Common 17-349] Got license for feature 'Synthesis' and/or device 'xck26'
INFO: [Device 21-403] Loading part xck26-sfvc784-2LV-c
INFO: [Synth 8-7079] Multithreading enabled for synth_design using a maximum of 2 processes.
INFO: [Synth 8-7078] Launching helper process for spawning children vivado processes
INFO: [Synth 8-7075] Helper process launched with PID 35980
---------------------------------------------------------------------------------
Starting RTL Elaboration : Time (s): cpu = 00:00:06 ; elapsed = 00:00:10 . Memory (MB): peak = 1860.918 ; gain = 340.012
---------------------------------------------------------------------------------
INFO: [Synth 8-6157] synthesizing module 'design_1_vadd_0_0' [c:/Users/musta/OneDrive/Documents/GitHub/Hardware_training_repo/workshop_2/workshop_2.gen/sources_1/bd/design_1/ip/design_1_vadd_0_0/synth/design_1_vadd_0_0.v:53]
INFO: [Synth 8-6157] synthesizing module 'vadd' [C:/Users/musta/OneDrive/Documents/GitHub/Hardware_training_repo/workshop_2/workshop_2.srcs/sources_1/new/vadd.v:25]
INFO: [Synth 8-6157] synthesizing module 'ram_sdp' [C:/Users/musta/OneDrive/Documents/GitHub/Hardware_training_repo/workshop_2/workshop_2.srcs/sources_1/new/ram_sdp.v:23]
INFO: [Synth 8-6155] done synthesizing module 'ram_sdp' (0#1) [C:/Users/musta/OneDrive/Documents/GitHub/Hardware_training_repo/workshop_2/workshop_2.srcs/sources_1/new/ram_sdp.v:23]
INFO: [Synth 8-6157] synthesizing module 'vadd_crtl' [C:/Users/musta/OneDrive/Documents/GitHub/Hardware_training_repo/workshop_2/workshop_2.srcs/sources_1/new/vadd_crtl.v:23]
INFO: [Synth 8-6155] done synthesizing module 'vadd_crtl' (0#1) [C:/Users/musta/OneDrive/Documents/GitHub/Hardware_training_repo/workshop_2/workshop_2.srcs/sources_1/new/vadd_crtl.v:23]
INFO: [Synth 8-6155] done synthesizing module 'vadd' (0#1) [C:/Users/musta/OneDrive/Documents/GitHub/Hardware_training_repo/workshop_2/workshop_2.srcs/sources_1/new/vadd.v:25]
INFO: [Synth 8-6155] done synthesizing module 'design_1_vadd_0_0' (0#1) [c:/Users/musta/OneDrive/Documents/GitHub/Hardware_training_repo/workshop_2/workshop_2.gen/sources_1/bd/design_1/ip/design_1_vadd_0_0/synth/design_1_vadd_0_0.v:53]
---------------------------------------------------------------------------------
Finished RTL Elaboration : Time (s): cpu = 00:00:07 ; elapsed = 00:00:13 . Memory (MB): peak = 1956.758 ; gain = 435.852
---------------------------------------------------------------------------------
---------------------------------------------------------------------------------
Start Handling Custom Attributes
---------------------------------------------------------------------------------
---------------------------------------------------------------------------------
Finished Handling Custom Attributes : Time (s): cpu = 00:00:07 ; elapsed = 00:00:13 . Memory (MB): peak = 1956.758 ; gain = 435.852
---------------------------------------------------------------------------------
---------------------------------------------------------------------------------
Finished RTL Optimization Phase 1 : Time (s): cpu = 00:00:07 ; elapsed = 00:00:13 . Memory (MB): peak = 1956.758 ; gain = 435.852
---------------------------------------------------------------------------------
Netlist sorting complete. Time (s): cpu = 00:00:00 ; elapsed = 00:00:00.008 . Memory (MB): peak = 1956.758 ; gain = 0.000
INFO: [Project 1-570] Preparing netlist for logic optimization

Processing XDC Constraints
Initializing timing engine
Completed Processing XDC Constraints

Netlist sorting complete. Time (s): cpu = 00:00:00 ; elapsed = 00:00:00 . Memory (MB): peak = 1976.500 ; gain = 0.000
INFO: [Project 1-111] Unisim Transformation Summary:
No Unisim elements were transformed.

Constraint Validation Runtime : Time (s): cpu = 00:00:00 ; elapsed = 00:00:00.050 . Memory (MB): peak = 1995.262 ; gain = 18.762
INFO: [Designutils 20-5008] Incremental synthesis strategy off
---------------------------------------------------------------------------------
Finished Constraint Validation : Time (s): cpu = 00:00:14 ; elapsed = 00:00:23 . Memory (MB): peak = 1995.262 ; gain = 474.355
---------------------------------------------------------------------------------
---------------------------------------------------------------------------------
Start Loading Part and Timing Information
---------------------------------------------------------------------------------
Loading part: xck26-sfvc784-2LV-c
INFO: [Synth 8-6742] Reading net delay rules and data
---------------------------------------------------------------------------------
Finished Loading Part and Timing Information : Time (s): cpu = 00:00:14 ; elapsed = 00:00:23 . Memory (MB): peak = 1995.262 ; gain = 474.355
---------------------------------------------------------------------------------
---------------------------------------------------------------------------------
Start Applying 'set_property' XDC Constraints
---------------------------------------------------------------------------------
---------------------------------------------------------------------------------
Finished applying 'set_property' XDC Constraints : Time (s): cpu = 00:00:14 ; elapsed = 00:00:23 . Memory (MB): peak = 1995.262 ; gain = 474.355
---------------------------------------------------------------------------------
INFO: [Synth 8-7030] Implemented Non-Cascaded Block Ram (cascade_height = 1) of width 32 for RAM "ram_sdp:/ram_reg"
---------------------------------------------------------------------------------
Finished RTL Optimization Phase 2 : Time (s): cpu = 00:00:14 ; elapsed = 00:00:23 . Memory (MB): peak = 1995.262 ; gain = 474.355
---------------------------------------------------------------------------------
---------------------------------------------------------------------------------
Start RTL Component Statistics 
---------------------------------------------------------------------------------
Detailed RTL Component Info : 
+---Adders : 
	   2 Input   32 Bit       Adders := 1     
	   2 Input   10 Bit       Adders := 1     
+---Registers : 
	               32 Bit    Registers := 3     
	               10 Bit    Registers := 2     
	                1 Bit    Registers := 2     
+---RAMs : 
	              32K Bit	(1024 X 32 bit)          RAMs := 3     
+---Muxes : 
	   2 Input   10 Bit        Muxes := 3     
---------------------------------------------------------------------------------
Finished RTL Component Statistics 
---------------------------------------------------------------------------------
---------------------------------------------------------------------------------
Start Part Resource Summary
---------------------------------------------------------------------------------
Part Resources:
DSPs: 1248 (col length:96)
BRAMs: 288 (col length: RAMB18 96 RAMB36 48)
---------------------------------------------------------------------------------
Finished Part Resource Summary
---------------------------------------------------------------------------------
---------------------------------------------------------------------------------
Start Cross Boundary and Area Optimization
---------------------------------------------------------------------------------
WARNING: [Synth 8-7080] Parallel synthesis criteria is not met
RAM ("design_1_vadd_0_0/inst/ram_sdp_A/ram_reg") is too shallow (depth = 1024) to use URAM. Choosing BRAM instead of URAM 
INFO: [Synth 8-7030] Implemented Non-Cascaded Block Ram (cascade_height = 1) of width 32 for RAM "design_1_vadd_0_0/inst/ram_sdp_A/ram_reg"
RAM ("design_1_vadd_0_0/inst/ram_sdp_B/ram_reg") is too shallow (depth = 1024) to use URAM. Choosing BRAM instead of URAM 
INFO: [Synth 8-7030] Implemented Non-Cascaded Block Ram (cascade_height = 1) of width 32 for RAM "design_1_vadd_0_0/inst/ram_sdp_B/ram_reg"
RAM ("design_1_vadd_0_0/inst/ram_sdp_C/ram_reg") is too shallow (depth = 1024) to use URAM. Choosing BRAM instead of URAM 
INFO: [Synth 8-7030] Implemented Non-Cascaded Block Ram (cascade_height = 1) of width 32 for RAM "design_1_vadd_0_0/inst/ram_sdp_C/ram_reg"
---------------------------------------------------------------------------------
Finished Cross Boundary and Area Optimization : Time (s): cpu = 00:00:16 ; elapsed = 00:00:26 . Memory (MB): peak = 1995.262 ; gain = 474.355
---------------------------------------------------------------------------------
---------------------------------------------------------------------------------
Start ROM, RAM, DSP, Shift Register and Retiming Reporting
---------------------------------------------------------------------------------

Block RAM: Preliminary Mapping Report (see note below)
+------------------+------------------------+------------------------+---+---+------------------------+---+---+------------------+--------+--------+-----------------+
|Module Name       | RTL Object             | PORT A (Depth x Width) | W | R | PORT B (Depth x Width) | W | R | Ports driving FF | RAMB18 | RAMB36 | Cascade Heights | 
+------------------+------------------------+------------------------+---+---+------------------------+---+---+------------------+--------+--------+-----------------+
|design_1_vadd_0_0 | inst/ram_sdp_A/ram_reg | 1 K x 32(READ_FIRST)   | W |   | 1 K x 32(WRITE_FIRST)  |   | R | Port A and B     | 0      | 1      | 1               | 
|design_1_vadd_0_0 | inst/ram_sdp_B/ram_reg | 1 K x 32(READ_FIRST)   | W |   | 1 K x 32(WRITE_FIRST)  |   | R | Port A and B     | 0      | 1      | 1               | 
|design_1_vadd_0_0 | inst/ram_sdp_C/ram_reg | 1 K x 32(READ_FIRST)   | W |   | 1 K x 32(WRITE_FIRST)  |   | R | Port A and B     | 0      | 1      | 1               | 
+------------------+------------------------+------------------------+---+---+------------------------+---+---+------------------+--------+--------+-----------------+

Note: The table above is a preliminary report that shows the Block RAMs at the current stage of the synthesis flow. Some Block RAMs may be reimplemented as non Block RAM primitives later in the synthesis flow. Multiple instantiated Block RAMs are reported only once. 
---------------------------------------------------------------------------------
Finished ROM, RAM, DSP, Shift Register and Retiming Reporting
---------------------------------------------------------------------------------
---------------------------------------------------------------------------------
Start Applying XDC Timing Constraints
---------------------------------------------------------------------------------
---------------------------------------------------------------------------------
Finished Applying XDC Timing Constraints : Time (s): cpu = 00:00:27 ; elapsed = 00:00:44 . Memory (MB): peak = 2523.113 ; gain = 1002.207
---------------------------------------------------------------------------------
---------------------------------------------------------------------------------
Start Timing Optimization
---------------------------------------------------------------------------------
---------------------------------------------------------------------------------
Finished Timing Optimization : Time (s): cpu = 00:00:27 ; elapsed = 00:00:44 . Memory (MB): peak = 2523.262 ; gain = 1002.355
---------------------------------------------------------------------------------
---------------------------------------------------------------------------------
Start ROM, RAM, DSP, Shift Register and Retiming Reporting
---------------------------------------------------------------------------------

Block RAM: Final Mapping Report
+------------------+------------------------+------------------------+---+---+------------------------+---+---+------------------+--------+--------+-----------------+
|Module Name       | RTL Object             | PORT A (Depth x Width) | W | R | PORT B (Depth x Width) | W | R | Ports driving FF | RAMB18 | RAMB36 | Cascade Heights | 
+------------------+------------------------+------------------------+---+---+------------------------+---+---+------------------+--------+--------+-----------------+
|design_1_vadd_0_0 | inst/ram_sdp_A/ram_reg | 1 K x 32(READ_FIRST)   | W |   | 1 K x 32(WRITE_FIRST)  |   | R | Port A and B     | 0      | 1      | 1               | 
|design_1_vadd_0_0 | inst/ram_sdp_B/ram_reg | 1 K x 32(READ_FIRST)   | W |   | 1 K x 32(WRITE_FIRST)  |   | R | Port A and B     | 0      | 1      | 1               | 
|design_1_vadd_0_0 | inst/ram_sdp_C/ram_reg | 1 K x 32(READ_FIRST)   | W |   | 1 K x 32(WRITE_FIRST)  |   | R | Port A and B     | 0      | 1      | 1               | 
+------------------+------------------------+------------------------+---+---+------------------------+---+---+------------------+--------+--------+-----------------+

---------------------------------------------------------------------------------
Finished ROM, RAM, DSP, Shift Register and Retiming Reporting
---------------------------------------------------------------------------------
---------------------------------------------------------------------------------
Start Technology Mapping
---------------------------------------------------------------------------------
INFO: [Synth 8-7052] The timing for the instance inst/ram_sdp_A/ram_reg_bram_0 (implemented as a Block RAM) might be sub-optimal as no optional output register could be merged into the ram block. Providing additional output register may help in improving timing.
INFO: [Synth 8-7052] The timing for the instance inst/ram_sdp_B/ram_reg_bram_0 (implemented as a Block RAM) might be sub-optimal as no optional output register could be merged into the ram block. Providing additional output register may help in improving timing.
INFO: [Synth 8-7052] The timing for the instance inst/ram_sdp_C/ram_reg_bram_0 (implemented as a Block RAM) might be sub-optimal as no optional output register could be merged into the ram block. Providing additional output register may help in improving timing.
---------------------------------------------------------------------------------
Finished Technology Mapping : Time (s): cpu = 00:00:27 ; elapsed = 00:00:44 . Memory (MB): peak = 2542.613 ; gain = 1021.707
---------------------------------------------------------------------------------
---------------------------------------------------------------------------------
Start IO Insertion
---------------------------------------------------------------------------------
---------------------------------------------------------------------------------
Start Flattening Before IO Insertion
---------------------------------------------------------------------------------
---------------------------------------------------------------------------------
Finished Flattening Before IO Insertion
---------------------------------------------------------------------------------
---------------------------------------------------------------------------------
Start Final Netlist Cleanup
---------------------------------------------------------------------------------
---------------------------------------------------------------------------------
Finished Final Netlist Cleanup
---------------------------------------------------------------------------------
---------------------------------------------------------------------------------
Finished IO Insertion : Time (s): cpu = 00:00:33 ; elapsed = 00:00:52 . Memory (MB): peak = 2549.934 ; gain = 1029.027
---------------------------------------------------------------------------------
---------------------------------------------------------------------------------
Start Renaming Generated Instances
---------------------------------------------------------------------------------
---------------------------------------------------------------------------------
Finished Renaming Generated Instances : Time (s): cpu = 00:00:33 ; elapsed = 00:00:52 . Memory (MB): peak = 2549.934 ; gain = 1029.027
---------------------------------------------------------------------------------
---------------------------------------------------------------------------------
Start Rebuilding User Hierarchy
---------------------------------------------------------------------------------
---------------------------------------------------------------------------------
Finished Rebuilding User Hierarchy : Time (s): cpu = 00:00:33 ; elapsed = 00:00:52 . Memory (MB): peak = 2549.934 ; gain = 1029.027
---------------------------------------------------------------------------------
---------------------------------------------------------------------------------
Start Renaming Generated Ports
---------------------------------------------------------------------------------
---------------------------------------------------------------------------------
Finished Renaming Generated Ports : Time (s): cpu = 00:00:33 ; elapsed = 00:00:52 . Memory (MB): peak = 2549.934 ; gain = 1029.027
---------------------------------------------------------------------------------
---------------------------------------------------------------------------------
Start Handling Custom Attributes
---------------------------------------------------------------------------------
---------------------------------------------------------------------------------
Finished Handling Custom Attributes : Time (s): cpu = 00:00:33 ; elapsed = 00:00:52 . Memory (MB): peak = 2549.934 ; gain = 1029.027
---------------------------------------------------------------------------------
---------------------------------------------------------------------------------
Start Renaming Generated Nets
---------------------------------------------------------------------------------
---------------------------------------------------------------------------------
Finished Renaming Generated Nets : Time (s): cpu = 00:00:33 ; elapsed = 00:00:52 . Memory (MB): peak = 2549.934 ; gain = 1029.027
---------------------------------------------------------------------------------
---------------------------------------------------------------------------------
Start Writing Synthesis Report
---------------------------------------------------------------------------------

Report BlackBoxes: 
+-+--------------+----------+
| |BlackBox name |Instances |
+-+--------------+----------+
+-+--------------+----------+

Report Cell Usage: 
+------+---------+------+
|      |Cell     |Count |
+------+---------+------+
|1     |CARRY8   |    10|
|2     |LUT1     |     2|
|3     |LUT2     |    51|
|4     |LUT3     |    12|
|5     |LUT4     |     5|
|6     |LUT5     |     5|
|7     |LUT6     |    14|
|8     |MUXF7    |     5|
|9     |RAMB36E2 |     3|
|10    |FDRE     |    54|
+------+---------+------+
---------------------------------------------------------------------------------
Finished Writing Synthesis Report : Time (s): cpu = 00:00:33 ; elapsed = 00:00:52 . Memory (MB): peak = 2549.934 ; gain = 1029.027
---------------------------------------------------------------------------------
Synthesis finished with 0 errors, 0 critical warnings and 1 warnings.
Synthesis Optimization Runtime : Time (s): cpu = 00:00:24 ; elapsed = 00:00:50 . Memory (MB): peak = 2549.934 ; gain = 990.523
Synthesis Optimization Complete : Time (s): cpu = 00:00:33 ; elapsed = 00:00:53 . Memory (MB): peak = 2549.934 ; gain = 1029.027
INFO: [Project 1-571] Translating synthesized netlist
Netlist sorting complete. Time (s): cpu = 00:00:00 ; elapsed = 00:00:00.009 . Memory (MB): peak = 2561.945 ; gain = 0.000
INFO: [Netlist 29-17] Analyzing 15 Unisim elements for replacement
INFO: [Netlist 29-28] Unisim Transformation completed in 0 CPU seconds
INFO: [Project 1-570] Preparing netlist for logic optimization
INFO: [Opt 31-138] Pushed 0 inverter(s) to 0 load pin(s).
Netlist sorting complete. Time (s): cpu = 00:00:00 ; elapsed = 00:00:00 . Memory (MB): peak = 2584.875 ; gain = 0.000
INFO: [Project 1-111] Unisim Transformation Summary:
No Unisim elements were transformed.

Synth Design complete | Checksum: 38b4843d
INFO: [Common 17-83] Releasing license: Synthesis
35 Infos, 2 Warnings, 0 Critical Warnings and 0 Errors encountered.
synth_design completed successfully
synth_design: Time (s): cpu = 00:00:41 ; elapsed = 00:01:09 . Memory (MB): peak = 2584.875 ; gain = 2039.129
INFO: [Common 17-1381] The checkpoint 'C:/Users/musta/OneDrive/Documents/GitHub/Hardware_training_repo/workshop_2/workshop_2.runs/design_1_vadd_0_0_synth_1/design_1_vadd_0_0.dcp' has been generated.
INFO: [Coretcl 2-1648] Added synthesis output to IP cache for IP design_1_vadd_0_0, cache-ID = 075af860374062e3
INFO: [Coretcl 2-1174] Renamed 5 cell refs.
INFO: [Common 17-1381] The checkpoint 'C:/Users/musta/OneDrive/Documents/GitHub/Hardware_training_repo/workshop_2/workshop_2.runs/design_1_vadd_0_0_synth_1/design_1_vadd_0_0.dcp' has been generated.
INFO: [runtcl-4] Executing : report_utilization -file design_1_vadd_0_0_utilization_synth.rpt -pb design_1_vadd_0_0_utilization_synth.pb
INFO: [Common 17-206] Exiting Vivado at Mon Aug 21 14:29:06 2023...
