

================================================================
== Synthesis Summary Report of 'fir'
================================================================
+ General Information: 
    * Date:           Sun Sep 24 14:38:49 2023
    * Version:        2022.2 (Build 3670227 on Oct 13 2022)
    * Project:        baseline
    * Solution:       solution1 (Vivado IP Flow Target)
    * Product family: zynquplus
    * Target device:  xck26-sfvc784-2LV-c
    

+ Performance & Resource Estimates: 
    
    PS: '+' for module; 'o' for loop; '*' for dataflow
    +--------------------+------+------+---------+-----------+----------+---------+------+----------+------+---------+-----------+-----------+-----+
    |       Modules      | Issue|      | Latency |  Latency  | Iteration|         | Trip |          |      |         |           |           |     |
    |       & Loops      | Type | Slack| (cycles)|    (ns)   |  Latency | Interval| Count| Pipelined| BRAM |   DSP   |     FF    |    LUT    | URAM|
    +--------------------+------+------+---------+-----------+----------+---------+------+----------+------+---------+-----------+-----------+-----+
    |+ fir               |     -|  0.69|      129|  1.290e+03|         -|      130|     -|        no|     -|  3 (~0%)|  4169 (1%)|  1525 (1%)|    -|
    | o VITIS_LOOP_29_1  |     -|  7.30|      128|  1.280e+03|         1|        -|   128|        no|     -|        -|          -|          -|    -|
    +--------------------+------+------+---------+-----------+----------+---------+------+----------+------+---------+-----------+-----------+-----+


================================================================
== HW Interfaces
================================================================
* Other Ports
+-----------+---------+----------+
| Interface | Mode    | Bitwidth |
+-----------+---------+----------+
| x         | ap_none | 32       |
| y         | ap_vld  | 32       |
+-----------+---------+----------+

* TOP LEVEL CONTROL
+-----------+------------+-----------------------------------+
| Interface | Type       | Ports                             |
+-----------+------------+-----------------------------------+
| ap_clk    | clock      | ap_clk                            |
| ap_rst    | reset      | ap_rst                            |
| ap_ctrl   | ap_ctrl_hs | ap_done ap_idle ap_ready ap_start |
+-----------+------------+-----------------------------------+


================================================================
== SW I/O Information
================================================================
* Top Function Arguments
+----------+-----------+----------+
| Argument | Direction | Datatype |
+----------+-----------+----------+
| y        | out       | int*     |
| x        | in        | int      |
+----------+-----------+----------+

* SW-to-HW Mapping
+----------+--------------+---------+
| Argument | HW Interface | HW Type |
+----------+--------------+---------+
| y        | y            | port    |
| y        | y_ap_vld     | port    |
| x        | x            | port    |
+----------+--------------+---------+


================================================================
== Bind Op Report
================================================================
+-------------------------+-----+--------+----------+-----+--------+---------+
| Name                    | DSP | Pragma | Variable | Op  | Impl   | Latency |
+-------------------------+-----+--------+----------+-----+--------+---------+
| + fir                   | 3   |        |          |     |        |         |
|   mul_fu_618_p2         | -   |        | mul      | add | fabric | 0       |
|   mul_32s_32s_32_1_1_U3 | 3   |        | mul_ln35 | mul | auto   | 0       |
|   accum_1_fu_2471_p2    | -   |        | accum_1  | add | fabric | 0       |
|   add_ln29_fu_2477_p2   | -   |        | add_ln29 | add | fabric | 0       |
+-------------------------+-----+--------+----------+-----+--------+---------+


================================================================
== Bind Storage Report
================================================================
  No bind storage info in design

================================================================
== Pragma Report
================================================================
* Valid Pragma Syntax
+-----------------+----------------------------------+------------------------------+
| Type            | Options                          | Location                     |
+-----------------+----------------------------------+------------------------------+
| pipeline        | off                              | fir.cpp:19 in fir            |
| array_partition | variable=shift_reg type=complete | fir.cpp:26 in fir, shift_reg |
| array_partition | variable=c type=complete         | fir.cpp:27 in fir, c         |
+-----------------+----------------------------------+------------------------------+


