

================================================================
== Synthesis Summary Report of 'fir'
================================================================
+ General Information: 
    * Date:           Sun Sep 24 14:25:21 2023
    * Version:        2022.2 (Build 3670227 on Oct 13 2022)
    * Project:        baseline
    * Solution:       solution1 (Vivado IP Flow Target)
    * Product family: zynquplus
    * Target device:  xck26-sfvc784-2LV-c
    

+ Performance & Resource Estimates: 
    
    PS: '+' for module; 'o' for loop; '*' for dataflow
    +--------------------+------+------+---------+-----------+----------+---------+------+----------+------+---------+------------+-----------+-----+
    |       Modules      | Issue|      | Latency |  Latency  | Iteration|         | Trip |          |      |         |            |           |     |
    |       & Loops      | Type | Slack| (cycles)|    (ns)   |  Latency | Interval| Count| Pipelined| BRAM |   DSP   |     FF     |    LUT    | URAM|
    +--------------------+------+------+---------+-----------+----------+---------+------+----------+------+---------+------------+-----------+-----+
    |+ fir               |     -|  0.76|     8833|  8.833e+04|         -|     8834|     -|        no|     -|  6 (~0%)|  1269 (~0%)|  1355 (1%)|    -|
    | o VITIS_LOOP_29_1  |     -|  7.30|     8832|  8.832e+04|        69|        -|   128|        no|     -|        -|           -|          -|    -|
    +--------------------+------+------+---------+-----------+----------+---------+------+----------+------+---------+------------+-----------+-----+


================================================================
== HW Interfaces
================================================================
* Other Ports
+-----------+---------+----------+
| Interface | Mode    | Bitwidth |
+-----------+---------+----------+
| x         | ap_none | 32       |
| y         | ap_vld  | 32       |
+-----------+---------+----------+

* TOP LEVEL CONTROL
+-----------+------------+-----------------------------------+
| Interface | Type       | Ports                             |
+-----------+------------+-----------------------------------+
| ap_clk    | clock      | ap_clk                            |
| ap_rst    | reset      | ap_rst                            |
| ap_ctrl   | ap_ctrl_hs | ap_done ap_idle ap_ready ap_start |
+-----------+------------+-----------------------------------+


================================================================
== SW I/O Information
================================================================
* Top Function Arguments
+----------+-----------+----------+
| Argument | Direction | Datatype |
+----------+-----------+----------+
| y        | out       | int*     |
| x        | in        | int      |
+----------+-----------+----------+

* SW-to-HW Mapping
+----------+--------------+---------+
| Argument | HW Interface | HW Type |
+----------+--------------+---------+
| y        | y            | port    |
| y        | y_ap_vld     | port    |
| x        | x            | port    |
+----------+--------------+---------+


================================================================
== Bind Op Report
================================================================
+--------------------------+-----+--------+------------+-----+--------+---------+
| Name                     | DSP | Pragma | Variable   | Op  | Impl   | Latency |
+--------------------------+-----+--------+------------+-----+--------+---------+
| + fir                    | 6   |        |            |     |        |         |
|   mul_fu_319_p2          | -   |        | mul        | add | fabric | 0       |
|   add_ln34_fu_375_p2     | -   |        | add_ln34   | add | fabric | 0       |
|   mul_7ns_9ns_15_1_1_U2  | -   |        | mul_ln34   | mul | auto   | 0       |
|   mul_7ns_66ns_72_1_1_U4 | 3   |        | mul_ln34_1 | mul | auto   | 0       |
|   mul_32s_32s_32_1_1_U7  | 3   |        | mul_ln35   | mul | auto   | 0       |
|   accum_1_fu_497_p2      | -   |        | accum_1    | add | fabric | 0       |
|   add_ln29_fu_503_p2     | -   |        | add_ln29   | add | fabric | 0       |
+--------------------------+-----+--------+------------+-----+--------+---------+


================================================================
== Bind Storage Report
================================================================
+-----------------------------+------+------+--------+-------------------------+---------+------+---------+
| Name                        | BRAM | URAM | Pragma | Variable                | Storage | Impl | Latency |
+-----------------------------+------+------+--------+-------------------------+---------+------+---------+
| + fir                       | 0    | 0    |        |                         |         |      |         |
|   fir_int_int_shift_reg_U   | -    | -    |        | fir_int_int_shift_reg   | ram_1p  | auto | 1       |
|   fir_int_int_shift_reg_1_U | -    | -    |        | fir_int_int_shift_reg_1 | ram_1p  | auto | 1       |
|   fir_int_int_shift_reg_2_U | -    | -    |        | fir_int_int_shift_reg_2 | ram_1p  | auto | 1       |
|   fir_int_int_shift_reg_3_U | -    | -    |        | fir_int_int_shift_reg_3 | ram_1p  | auto | 1       |
|   fir_int_int_shift_reg_4_U | -    | -    |        | fir_int_int_shift_reg_4 | ram_1p  | auto | 1       |
|   c_0_U                     | -    | -    |        | c_0                     | rom_1p  | auto | 1       |
|   c_1_U                     | -    | -    |        | c_1                     | rom_1p  | auto | 1       |
|   c_2_U                     | -    | -    |        | c_2                     | rom_1p  | auto | 1       |
|   c_3_U                     | -    | -    |        | c_3                     | rom_1p  | auto | 1       |
|   c_4_U                     | -    | -    |        | c_4                     | rom_1p  | auto | 1       |
+-----------------------------+------+------+--------+-------------------------+---------+------+---------+


================================================================
== Pragma Report
================================================================
* Valid Pragma Syntax
+-----------------+----------------------------------------+------------------------------+
| Type            | Options                                | Location                     |
+-----------------+----------------------------------------+------------------------------+
| pipeline        | off                                    | fir.cpp:19 in fir            |
| array_partition | variable=shift_reg type=block factor=5 | fir.cpp:26 in fir, shift_reg |
| array_partition | variable=c type=block factor=5         | fir.cpp:27 in fir, c         |
+-----------------+----------------------------------------+------------------------------+


