

================================================================
== Synthesis Summary Report of 'fir'
================================================================
+ General Information: 
    * Date:           Sun Sep 24 19:34:36 2023
    * Version:        2022.2 (Build 3670227 on Oct 13 2022)
    * Project:        baseline
    * Solution:       solution1 (Vivado IP Flow Target)
    * Product family: zynquplus
    * Target device:  xck26-sfvc784-2LV-c
    

+ Performance & Resource Estimates: 
    
    PS: '+' for module; 'o' for loop; '*' for dataflow
    +--------+------+------+---------+--------+----------+---------+------+----------+------+----------+------------+-----------+-----+
    | Modules| Issue|      | Latency | Latency| Iteration|         | Trip |          |      |          |            |           |     |
    | & Loops| Type | Slack| (cycles)|  (ns)  |  Latency | Interval| Count| Pipelined| BRAM |    DSP   |     FF     |    LUT    | URAM|
    +--------+------+------+---------+--------+----------+---------+------+----------+------+----------+------------+-----------+-----+
    |+ fir   |     -|  1.07|        3|  30.000|         -|        4|     -|        no|     -|  12 (~0%)|  1140 (~0%)|  4563 (3%)|    -|
    +--------+------+------+---------+--------+----------+---------+------+----------+------+----------+------------+-----------+-----+


================================================================
== HW Interfaces
================================================================
* Other Ports
+-----------+---------+----------+
| Interface | Mode    | Bitwidth |
+-----------+---------+----------+
| x         | ap_none | 32       |
| y         | ap_vld  | 32       |
+-----------+---------+----------+

* TOP LEVEL CONTROL
+-----------+------------+-----------------------------------+
| Interface | Type       | Ports                             |
+-----------+------------+-----------------------------------+
| ap_clk    | clock      | ap_clk                            |
| ap_rst    | reset      | ap_rst                            |
| ap_ctrl   | ap_ctrl_hs | ap_done ap_idle ap_ready ap_start |
+-----------+------------+-----------------------------------+


================================================================
== SW I/O Information
================================================================
* Top Function Arguments
+----------+-----------+----------+
| Argument | Direction | Datatype |
+----------+-----------+----------+
| y        | out       | int*     |
| x        | in        | int      |
+----------+-----------+----------+

* SW-to-HW Mapping
+----------+--------------+---------+
| Argument | HW Interface | HW Type |
+----------+--------------+---------+
| y        | y            | port    |
| y        | y_ap_vld     | port    |
| x        | x            | port    |
+----------+--------------+---------+


================================================================
== Bind Op Report
================================================================
+------------------------------------------+-----+--------+---------------+-----+--------+---------+
| Name                                     | DSP | Pragma | Variable      | Op  | Impl   | Latency |
+------------------------------------------+-----+--------+---------------+-----+--------+---------+
| + fir                                    | 12  |        |               |     |        |         |
|   ret_V_fu_1157_p2                       | -   |        | ret_V         | add | fabric | 0       |
|   ret_V_1_fu_1201_p2                     | -   |        | ret_V_1       | add | fabric | 0       |
|   ret_V_2_fu_1245_p2                     | -   |        | ret_V_2       | add | fabric | 0       |
|   ret_V_3_fu_1289_p2                     | -   |        | ret_V_3       | add | fabric | 0       |
|   ret_V_4_fu_1333_p2                     | -   |        | ret_V_4       | add | fabric | 0       |
|   ret_V_5_fu_1377_p2                     | -   |        | ret_V_5       | add | fabric | 0       |
|   ret_V_6_fu_1421_p2                     | -   |        | ret_V_6       | add | fabric | 0       |
|   ret_V_7_fu_1465_p2                     | -   |        | ret_V_7       | add | fabric | 0       |
|   ret_V_8_fu_1509_p2                     | -   |        | ret_V_8       | add | fabric | 0       |
|   ret_V_9_fu_1553_p2                     | -   |        | ret_V_9       | add | fabric | 0       |
|   ret_V_10_fu_1597_p2                    | -   |        | ret_V_10      | add | fabric | 0       |
|   ret_V_11_fu_1641_p2                    | -   |        | ret_V_11      | add | fabric | 0       |
|   ret_V_12_fu_1685_p2                    | -   |        | ret_V_12      | add | fabric | 0       |
|   ret_V_13_fu_1729_p2                    | -   |        | ret_V_13      | add | fabric | 0       |
|   ret_V_14_fu_1773_p2                    | -   |        | ret_V_14      | add | fabric | 0       |
|   ret_V_15_fu_1817_p2                    | -   |        | ret_V_15      | add | fabric | 0       |
|   ret_V_16_fu_1861_p2                    | -   |        | ret_V_16      | add | fabric | 0       |
|   ret_V_17_fu_1905_p2                    | -   |        | ret_V_17      | add | fabric | 0       |
|   ret_V_18_fu_1949_p2                    | -   |        | ret_V_18      | add | fabric | 0       |
|   ret_V_19_fu_1993_p2                    | -   |        | ret_V_19      | add | fabric | 0       |
|   ret_V_20_fu_2037_p2                    | -   |        | ret_V_20      | add | fabric | 0       |
|   ret_V_21_fu_2074_p2                    | -   |        | ret_V_21      | add | fabric | 0       |
|   ret_V_23_fu_741_p2                     | -   |        | ret_V_23      | sub | fabric | 0       |
|   ret_V_24_fu_2110_p2                    | -   |        | ret_V_24      | sub | fabric | 0       |
|   ret_V_33_fu_2570_p2                    | -   |        | ret_V_33      | sub | fabric | 0       |
|   ret_V_34_fu_781_p2                     | -   |        | ret_V_34      | sub | fabric | 0       |
|   ret_V_36_fu_2614_p2                    | -   |        | ret_V_36      | add | fabric | 0       |
|   ret_V_37_fu_2658_p2                    | -   |        | ret_V_37      | add | fabric | 0       |
|   ret_V_38_fu_2702_p2                    | -   |        | ret_V_38      | add | fabric | 0       |
|   ret_V_39_fu_2746_p2                    | -   |        | ret_V_39      | add | fabric | 0       |
|   ret_V_40_fu_2790_p2                    | -   |        | ret_V_40      | add | fabric | 0       |
|   ret_V_41_fu_2834_p2                    | -   |        | ret_V_41      | add | fabric | 0       |
|   ret_V_42_fu_2878_p2                    | -   |        | ret_V_42      | add | fabric | 0       |
|   ret_V_43_fu_2915_p2                    | -   |        | ret_V_43      | add | fabric | 0       |
|   ret_V_45_fu_855_p2                     | -   |        | ret_V_45      | sub | fabric | 0       |
|   ret_V_46_fu_2951_p2                    | -   |        | ret_V_46      | sub | fabric | 0       |
|   ret_V_55_fu_3411_p2                    | -   |        | ret_V_55      | sub | fabric | 0       |
|   ret_V_56_fu_895_p2                     | -   |        | ret_V_56      | sub | fabric | 0       |
|   ret_V_58_fu_3455_p2                    | -   |        | ret_V_58      | add | fabric | 0       |
|   ret_V_59_fu_3499_p2                    | -   |        | ret_V_59      | add | fabric | 0       |
|   ret_V_60_fu_3543_p2                    | -   |        | ret_V_60      | add | fabric | 0       |
|   ret_V_61_fu_3587_p2                    | -   |        | ret_V_61      | add | fabric | 0       |
|   ret_V_62_fu_3631_p2                    | -   |        | ret_V_62      | add | fabric | 0       |
|   ret_V_63_fu_3675_p2                    | -   |        | ret_V_63      | add | fabric | 0       |
|   ret_V_64_fu_3719_p2                    | -   |        | ret_V_64      | add | fabric | 0       |
|   ret_V_65_fu_3756_p2                    | -   |        | ret_V_65      | add | fabric | 0       |
|   ret_V_67_fu_969_p2                     | -   |        | ret_V_67      | sub | fabric | 0       |
|   ret_V_68_fu_3792_p2                    | -   |        | ret_V_68      | sub | fabric | 0       |
|   ret_V_93_fu_5052_p2                    | -   |        | ret_V_93      | sub | fabric | 0       |
|   ret_V_94_fu_1009_p2                    | -   |        | ret_V_94      | sub | fabric | 0       |
|   add_ln840_fu_5090_p2                   | -   |        | add_ln840     | add | fabric | 0       |
|   add_ln840_1_fu_5100_p2                 | -   |        | add_ln840_1   | add | fabric | 0       |
|   accum_V_2_fu_5110_p2                   | -   |        | accum_V_2     | add | fabric | 0       |
|   add_ln840_3_fu_5120_p2                 | -   |        | add_ln840_3   | add | fabric | 0       |
|   add_ln840_4_fu_5130_p2                 | -   |        | add_ln840_4   | add | fabric | 0       |
|   add_ln840_5_fu_5140_p2                 | -   |        | add_ln840_5   | add | fabric | 0       |
|   add_ln840_6_fu_5150_p2                 | -   |        | add_ln840_6   | add | fabric | 0       |
|   add_ln840_7_fu_5160_p2                 | -   |        | add_ln840_7   | add | fabric | 0       |
|   add_ln840_8_fu_5170_p2                 | -   |        | add_ln840_8   | add | fabric | 0       |
|   add_ln840_9_fu_5180_p2                 | -   |        | add_ln840_9   | add | fabric | 0       |
|   add_ln840_10_fu_5190_p2                | -   |        | add_ln840_10  | add | fabric | 0       |
|   add_ln840_11_fu_5200_p2                | -   |        | add_ln840_11  | add | fabric | 0       |
|   add_ln840_12_fu_5210_p2                | -   |        | add_ln840_12  | add | fabric | 0       |
|   add_ln840_13_fu_5220_p2                | -   |        | add_ln840_13  | add | fabric | 0       |
|   add_ln840_14_fu_5230_p2                | -   |        | add_ln840_14  | add | fabric | 0       |
|   add_ln840_15_fu_5240_p2                | -   |        | add_ln840_15  | add | fabric | 0       |
|   add_ln840_17_fu_5256_p2                | -   |        | add_ln840_17  | add | fabric | 0       |
|   add_ln840_18_fu_5266_p2                | -   |        | add_ln840_18  | add | fabric | 0       |
|   add_ln840_19_fu_5276_p2                | -   |        | add_ln840_19  | add | fabric | 0       |
|   add_ln840_20_fu_5286_p2                | -   |        | add_ln840_20  | add | fabric | 0       |
|   add_ln840_21_fu_5296_p2                | -   |        | add_ln840_21  | add | fabric | 0       |
|   add_ln840_22_fu_5306_p2                | -   |        | add_ln840_22  | add | fabric | 0       |
|   add_ln840_23_fu_5316_p2                | -   |        | add_ln840_23  | add | fabric | 0       |
|   ama_addmuladd_8s_8s_4ns_12s_14_4_1_U1  | 1   |        | add_ln840_24  | add | dsp48  | 3       |
|   ama_addmuladd_8s_8s_4ns_12s_14_4_1_U1  | 1   |        | mul_ln840     | mul | dsp48  | 3       |
|   add_ln840_25_fu_1035_p2                | -   |        | add_ln840_25  | add | fabric | 0       |
|   ama_addmuladd_8s_8s_4ns_12s_14_4_1_U1  | 1   |        | add_ln840_26  | add | dsp48  | 3       |
|   sub_ln840_fu_5329_p2                   | -   |        | sub_ln840     | sub | fabric | 0       |
|   am_addmul_8s_8s_5s_13_4_1_U2           | 1   |        | add_ln840_27  | add | dsp48  | 3       |
|   am_addmul_8s_8s_5s_13_4_1_U2           | 1   |        | mul_ln840_1   | mul | dsp48  | 3       |
|   add_ln840_28_fu_5342_p2                | -   |        | add_ln840_28  | add | fabric | 0       |
|   add_ln840_29_fu_5352_p2                | -   |        | add_ln840_29  | add | fabric | 0       |
|   add_ln840_30_fu_5362_p2                | -   |        | add_ln840_30  | add | fabric | 0       |
|   add_ln840_32_fu_5374_p2                | -   |        | add_ln840_32  | add | fabric | 0       |
|   add_ln840_33_fu_5384_p2                | -   |        | add_ln840_33  | add | fabric | 0       |
|   add_ln840_34_fu_5394_p2                | -   |        | add_ln840_34  | add | fabric | 0       |
|   add_ln840_35_fu_5404_p2                | -   |        | add_ln840_35  | add | fabric | 0       |
|   add_ln840_36_fu_5414_p2                | -   |        | add_ln840_36  | add | fabric | 0       |
|   add_ln840_37_fu_5424_p2                | -   |        | add_ln840_37  | add | fabric | 0       |
|   add_ln840_38_fu_5434_p2                | -   |        | add_ln840_38  | add | fabric | 0       |
|   am_addmul_8s_8s_5s_13_4_1_U3           | 1   |        | add_ln840_39  | add | dsp48  | 3       |
|   am_addmul_8s_8s_5s_13_4_1_U3           | 1   |        | mul_ln840_2   | mul | dsp48  | 3       |
|   sub_ln840_1_fu_5447_p2                 | -   |        | sub_ln840_1   | sub | fabric | 0       |
|   add_ln840_40_fu_5457_p2                | -   |        | add_ln840_40  | add | fabric | 0       |
|   add_ln840_41_fu_1045_p2                | -   |        | add_ln840_41  | add | fabric | 0       |
|   ama_addmuladd_8s_8s_4ns_12s_14_4_1_U4  | 1   |        | add_ln840_42  | add | dsp48  | 3       |
|   ama_addmuladd_8s_8s_4ns_12s_14_4_1_U4  | 1   |        | mul_ln840_3   | mul | dsp48  | 3       |
|   ama_addmuladd_8s_8s_4ns_12s_14_4_1_U4  | 1   |        | add_ln840_43  | add | dsp48  | 3       |
|   add_ln840_44_fu_5470_p2                | -   |        | add_ln840_44  | add | fabric | 0       |
|   add_ln840_46_fu_5486_p2                | -   |        | add_ln840_46  | add | fabric | 0       |
|   add_ln840_47_fu_5496_p2                | -   |        | add_ln840_47  | add | fabric | 0       |
|   add_ln840_48_fu_5506_p2                | -   |        | add_ln840_48  | add | fabric | 0       |
|   add_ln840_49_fu_5516_p2                | -   |        | add_ln840_49  | add | fabric | 0       |
|   add_ln840_50_fu_5526_p2                | -   |        | add_ln840_50  | add | fabric | 0       |
|   add_ln840_51_fu_5536_p2                | -   |        | add_ln840_51  | add | fabric | 0       |
|   add_ln840_52_fu_5546_p2                | -   |        | add_ln840_52  | add | fabric | 0       |
|   ama_addmuladd_8s_8s_4ns_12s_14_4_1_U5  | 1   |        | add_ln840_53  | add | dsp48  | 3       |
|   ama_addmuladd_8s_8s_4ns_12s_14_4_1_U5  | 1   |        | mul_ln840_4   | mul | dsp48  | 3       |
|   add_ln840_54_fu_1055_p2                | -   |        | add_ln840_54  | add | fabric | 0       |
|   ama_addmuladd_8s_8s_4ns_12s_14_4_1_U5  | 1   |        | add_ln840_55  | add | dsp48  | 3       |
|   sub_ln840_2_fu_5559_p2                 | -   |        | sub_ln840_2   | sub | fabric | 0       |
|   am_addmul_8s_8s_5s_13_4_1_U6           | 1   |        | add_ln840_56  | add | dsp48  | 3       |
|   am_addmul_8s_8s_5s_13_4_1_U6           | 1   |        | mul_ln840_5   | mul | dsp48  | 3       |
|   add_ln840_57_fu_5572_p2                | -   |        | add_ln840_57  | add | fabric | 0       |
|   add_ln840_58_fu_5582_p2                | -   |        | add_ln840_58  | add | fabric | 0       |
|   add_ln840_59_fu_5592_p2                | -   |        | add_ln840_59  | add | fabric | 0       |
|   add_ln840_62_fu_5610_p2                | -   |        | add_ln840_62  | add | fabric | 0       |
|   add_ln840_63_fu_5620_p2                | -   |        | add_ln840_63  | add | fabric | 0       |
|   add_ln840_64_fu_5630_p2                | -   |        | add_ln840_64  | add | fabric | 0       |
|   add_ln840_65_fu_5640_p2                | -   |        | add_ln840_65  | add | fabric | 0       |
|   add_ln840_66_fu_5650_p2                | -   |        | add_ln840_66  | add | fabric | 0       |
|   add_ln840_67_fu_5660_p2                | -   |        | add_ln840_67  | add | fabric | 0       |
|   add_ln840_68_fu_5670_p2                | -   |        | add_ln840_68  | add | fabric | 0       |
|   am_addmul_8s_8s_5s_13_4_1_U7           | 1   |        | add_ln840_69  | add | dsp48  | 3       |
|   am_addmul_8s_8s_5s_13_4_1_U7           | 1   |        | mul_ln840_6   | mul | dsp48  | 3       |
|   sub_ln840_3_fu_5683_p2                 | -   |        | sub_ln840_3   | sub | fabric | 0       |
|   add_ln840_70_fu_5693_p2                | -   |        | add_ln840_70  | add | fabric | 0       |
|   add_ln840_71_fu_1065_p2                | -   |        | add_ln840_71  | add | fabric | 0       |
|   ama_addmuladd_8s_8s_4ns_12s_14_4_1_U8  | 1   |        | add_ln840_72  | add | dsp48  | 3       |
|   ama_addmuladd_8s_8s_4ns_12s_14_4_1_U8  | 1   |        | mul_ln840_7   | mul | dsp48  | 3       |
|   ama_addmuladd_8s_8s_4ns_12s_14_4_1_U8  | 1   |        | add_ln840_73  | add | dsp48  | 3       |
|   add_ln840_74_fu_5706_p2                | -   |        | add_ln840_74  | add | fabric | 0       |
|   add_ln840_75_fu_5716_p2                | -   |        | add_ln840_75  | add | fabric | 0       |
|   add_ln840_76_fu_5722_p2                | -   |        | add_ln840_76  | add | fabric | 0       |
|   add_ln840_77_fu_5732_p2                | -   |        | add_ln840_77  | add | fabric | 0       |
|   add_ln840_78_fu_5742_p2                | -   |        | add_ln840_78  | add | fabric | 0       |
|   add_ln840_79_fu_5752_p2                | -   |        | add_ln840_79  | add | fabric | 0       |
|   add_ln840_80_fu_5762_p2                | -   |        | add_ln840_80  | add | fabric | 0       |
|   add_ln840_81_fu_5772_p2                | -   |        | add_ln840_81  | add | fabric | 0       |
|   add_ln840_82_fu_5782_p2                | -   |        | add_ln840_82  | add | fabric | 0       |
|   ama_addmuladd_8s_8s_4ns_12s_14_4_1_U9  | 1   |        | add_ln840_83  | add | dsp48  | 3       |
|   ama_addmuladd_8s_8s_4ns_12s_14_4_1_U9  | 1   |        | mul_ln840_8   | mul | dsp48  | 3       |
|   add_ln840_84_fu_1075_p2                | -   |        | add_ln840_84  | add | fabric | 0       |
|   ama_addmuladd_8s_8s_4ns_12s_14_4_1_U9  | 1   |        | add_ln840_85  | add | dsp48  | 3       |
|   sub_ln840_4_fu_5795_p2                 | -   |        | sub_ln840_4   | sub | fabric | 0       |
|   am_addmul_8s_8s_5s_13_4_1_U10          | 1   |        | add_ln840_86  | add | dsp48  | 3       |
|   am_addmul_8s_8s_5s_13_4_1_U10          | 1   |        | mul_ln840_9   | mul | dsp48  | 3       |
|   add_ln840_87_fu_5808_p2                | -   |        | add_ln840_87  | add | fabric | 0       |
|   add_ln840_88_fu_5818_p2                | -   |        | add_ln840_88  | add | fabric | 0       |
|   add_ln840_89_fu_5828_p2                | -   |        | add_ln840_89  | add | fabric | 0       |
|   add_ln840_91_fu_5840_p2                | -   |        | add_ln840_91  | add | fabric | 0       |
|   add_ln840_92_fu_5850_p2                | -   |        | add_ln840_92  | add | fabric | 0       |
|   add_ln840_93_fu_5860_p2                | -   |        | add_ln840_93  | add | fabric | 0       |
|   add_ln840_94_fu_5870_p2                | -   |        | add_ln840_94  | add | fabric | 0       |
|   add_ln840_95_fu_5880_p2                | -   |        | add_ln840_95  | add | fabric | 0       |
|   add_ln840_96_fu_5890_p2                | -   |        | add_ln840_96  | add | fabric | 0       |
|   add_ln840_97_fu_5900_p2                | -   |        | add_ln840_97  | add | fabric | 0       |
|   add_ln840_98_fu_5910_p2                | -   |        | add_ln840_98  | add | fabric | 0       |
|   add_ln840_99_fu_5920_p2                | -   |        | add_ln840_99  | add | fabric | 0       |
|   add_ln840_100_fu_5930_p2               | -   |        | add_ln840_100 | add | fabric | 0       |
|   add_ln840_101_fu_5940_p2               | -   |        | add_ln840_101 | add | fabric | 0       |
|   add_ln840_102_fu_5950_p2               | -   |        | add_ln840_102 | add | fabric | 0       |
|   add_ln840_103_fu_5960_p2               | -   |        | add_ln840_103 | add | fabric | 0       |
|   add_ln840_104_fu_5970_p2               | -   |        | add_ln840_104 | add | fabric | 0       |
|   add_ln840_106_fu_5986_p2               | -   |        | add_ln840_106 | add | fabric | 0       |
|   add_ln840_107_fu_5996_p2               | -   |        | add_ln840_107 | add | fabric | 0       |
|   add_ln840_108_fu_6006_p2               | -   |        | add_ln840_108 | add | fabric | 0       |
|   add_ln840_109_fu_6016_p2               | -   |        | add_ln840_109 | add | fabric | 0       |
|   add_ln840_110_fu_6026_p2               | -   |        | add_ln840_110 | add | fabric | 0       |
|   add_ln840_111_fu_6036_p2               | -   |        | add_ln840_111 | add | fabric | 0       |
|   add_ln840_112_fu_6046_p2               | -   |        | add_ln840_112 | add | fabric | 0       |
|   am_addmul_8s_8s_5s_13_4_1_U11          | 1   |        | add_ln840_113 | add | dsp48  | 3       |
|   am_addmul_8s_8s_5s_13_4_1_U11          | 1   |        | mul_ln840_10  | mul | dsp48  | 3       |
|   sub_ln840_5_fu_6059_p2                 | -   |        | sub_ln840_5   | sub | fabric | 0       |
|   add_ln840_114_fu_6069_p2               | -   |        | add_ln840_114 | add | fabric | 0       |
|   add_ln840_115_fu_1085_p2               | -   |        | add_ln840_115 | add | fabric | 0       |
|   ama_addmuladd_8s_8s_4ns_12s_14_4_1_U12 | 1   |        | add_ln840_116 | add | dsp48  | 3       |
|   ama_addmuladd_8s_8s_4ns_12s_14_4_1_U12 | 1   |        | mul_ln840_11  | mul | dsp48  | 3       |
|   ama_addmuladd_8s_8s_4ns_12s_14_4_1_U12 | 1   |        | add_ln840_117 | add | dsp48  | 3       |
|   add_ln840_118_fu_6082_p2               | -   |        | add_ln840_118 | add | fabric | 0       |
|   add_ln840_119_fu_6092_p2               | -   |        | add_ln840_119 | add | fabric | 0       |
+------------------------------------------+-----+--------+---------------+-----+--------+---------+


================================================================
== Bind Storage Report
================================================================
  No bind storage info in design

================================================================
== Pragma Report
================================================================
* Valid Pragma Syntax
+-----------------+----------------------------------+------------------------------+
| Type            | Options                          | Location                     |
+-----------------+----------------------------------+------------------------------+
| array_partition | variable=shift_reg type=complete | fir.cpp:25 in fir, shift_reg |
| array_partition | variable=c type=complete         | fir.cpp:26 in fir, c         |
| unroll          | factor=128                       | fir.cpp:29 in fir            |
+-----------------+----------------------------------+------------------------------+


