

================================================================
== Synthesis Summary Report of 'fir'
================================================================
+ General Information: 
    * Date:           Mon Sep 18 15:50:46 2023
    * Version:        2022.2 (Build 3670227 on Oct 13 2022)
    * Project:        baseline
    * Solution:       solution1 (Vivado IP Flow Target)
    * Product family: zynquplus
    * Target device:  xck26-sfvc784-2LV-c
    

+ Performance & Resource Estimates: 
    
    PS: '+' for module; 'o' for loop; '*' for dataflow
    +--------------------+------+------+---------+-----------+----------+---------+------+----------+---------+---------+----------+-----------+-----+
    |       Modules      | Issue|      | Latency |  Latency  | Iteration|         | Trip |          |         |         |          |           |     |
    |       & Loops      | Type | Slack| (cycles)|    (ns)   |  Latency | Interval| Count| Pipelined|  BRAM   |   DSP   |    FF    |    LUT    | URAM|
    +--------------------+------+------+---------+-----------+----------+---------+------+----------+---------+---------+----------+-----------+-----+
    |+ fir               |     -|  1.20|      255|  2.550e+03|         -|      256|     -|        no|  2 (~0%)|  1 (~0%)|  49 (~0%)|  219 (~0%)|    -|
    | o VITIS_LOOP_25_1  |     -|  7.30|      254|  2.540e+03|         2|        -|   127|        no|        -|        -|         -|          -|    -|
    +--------------------+------+------+---------+-----------+----------+---------+------+----------+---------+---------+----------+-----------+-----+


================================================================
== HW Interfaces
================================================================
* Other Ports
+-----------+---------+----------+
| Interface | Mode    | Bitwidth |
+-----------+---------+----------+
| x         | ap_none | 32       |
| y         | ap_vld  | 32       |
+-----------+---------+----------+

* TOP LEVEL CONTROL
+-----------+------------+-----------------------------------+
| Interface | Type       | Ports                             |
+-----------+------------+-----------------------------------+
| ap_clk    | clock      | ap_clk                            |
| ap_rst    | reset      | ap_rst                            |
| ap_ctrl   | ap_ctrl_hs | ap_done ap_idle ap_ready ap_start |
+-----------+------------+-----------------------------------+


================================================================
== SW I/O Information
================================================================
* Top Function Arguments
+----------+-----------+----------+
| Argument | Direction | Datatype |
+----------+-----------+----------+
| y        | out       | int*     |
| x        | in        | int      |
+----------+-----------+----------+

* SW-to-HW Mapping
+----------+--------------+---------+
| Argument | HW Interface | HW Type |
+----------+--------------+---------+
| y        | y            | port    |
| y        | y_ap_vld     | port    |
| x        | x            | port    |
+----------+--------------+---------+


================================================================
== Bind Op Report
================================================================
+------------------------+-----+--------+----------+-----+--------+---------+
| Name                   | DSP | Pragma | Variable | Op  | Impl   | Latency |
+------------------------+-----+--------+----------+-----+--------+---------+
| + fir                  | 1   |        |          |     |        |         |
|   add_ln25_fu_132_p2   | -   |        | add_ln25 | add | fabric | 0       |
|   mul_6s_32s_32_1_1_U1 | 1   |        | mul_ln27 | mul | auto   | 0       |
|   accum_2_fu_177_p2    | -   |        | accum_2  | add | fabric | 0       |
+------------------------+-----+--------+----------+-----+--------+---------+


================================================================
== Bind Storage Report
================================================================
+-------------------+------+------+--------+---------------+---------+------+---------+
| Name              | BRAM | URAM | Pragma | Variable      | Storage | Impl | Latency |
+-------------------+------+------+--------+---------------+---------+------+---------+
| + fir             | 2    | 0    |        |               |         |      |         |
|   shift_reg_U     | 1    | -    |        | shift_reg     | ram_1p  | auto | 1       |
|   fir_int_int_c_U | 1    | -    |        | fir_int_int_c | rom_1p  | auto | 1       |
+-------------------+------+------+--------+---------------+---------+------+---------+


================================================================
== Pragma Report
================================================================
* Valid Pragma Syntax
+----------+---------+-------------------+
| Type     | Options | Location          |
+----------+---------+-------------------+
| pipeline | off     | fir.cpp:19 in fir |
+----------+---------+-------------------+


