

================================================================
== Synthesis Summary Report of 'fir'
================================================================
+ General Information: 
    * Date:           Sat Sep 23 17:35:20 2023
    * Version:        2022.2 (Build 3670227 on Oct 13 2022)
    * Project:        baseline
    * Solution:       solution1 (Vivado IP Flow Target)
    * Product family: zynquplus
    * Target device:  xck26-sfvc784-2LV-c
    

+ Performance & Resource Estimates: 
    
    PS: '+' for module; 'o' for loop; '*' for dataflow
    +--------------------+------+------+---------+-----------+----------+---------+------+----------+--------+---------+-----------+-----------+-----+
    |       Modules      | Issue|      | Latency |  Latency  | Iteration|         | Trip |          |        |         |           |           |     |
    |       & Loops      | Type | Slack| (cycles)|    (ns)   |  Latency | Interval| Count| Pipelined|  BRAM  |   DSP   |     FF    |    LUT    | URAM|
    +--------------------+------+------+---------+-----------+----------+---------+------+----------+--------+---------+-----------+-----------+-----+
    |+ fir               |     -|  1.06|      193|  1.930e+03|         -|      194|     -|        no|  3 (1%)|  1 (~0%)|  171 (~0%)|  274 (~0%)|    -|
    | o VITIS_LOOP_26_1  |     -|  7.30|      192|  1.920e+03|         3|        -|    64|        no|       -|        -|          -|          -|    -|
    +--------------------+------+------+---------+-----------+----------+---------+------+----------+--------+---------+-----------+-----------+-----+


================================================================
== HW Interfaces
================================================================
* Other Ports
+-----------+---------+----------+
| Interface | Mode    | Bitwidth |
+-----------+---------+----------+
| x         | ap_none | 32       |
| y         | ap_vld  | 32       |
+-----------+---------+----------+

* TOP LEVEL CONTROL
+-----------+------------+-----------------------------------+
| Interface | Type       | Ports                             |
+-----------+------------+-----------------------------------+
| ap_clk    | clock      | ap_clk                            |
| ap_rst    | reset      | ap_rst                            |
| ap_ctrl   | ap_ctrl_hs | ap_done ap_idle ap_ready ap_start |
+-----------+------------+-----------------------------------+


================================================================
== SW I/O Information
================================================================
* Top Function Arguments
+----------+-----------+----------+
| Argument | Direction | Datatype |
+----------+-----------+----------+
| y        | out       | int*     |
| x        | in        | int      |
+----------+-----------+----------+

* SW-to-HW Mapping
+----------+--------------+---------+
| Argument | HW Interface | HW Type |
+----------+--------------+---------+
| y        | y            | port    |
| y        | y_ap_vld     | port    |
| x        | x            | port    |
+----------+--------------+---------+


================================================================
== Bind Op Report
================================================================
+------------------------+-----+--------+------------+-----+--------+---------+
| Name                   | DSP | Pragma | Variable   | Op  | Impl   | Latency |
+------------------------+-----+--------+------------+-----+--------+---------+
| + fir                  | 1   |        |            |     |        |         |
|   mul_fu_165_p2        | -   |        | mul        | add | fabric | 0       |
|   add_ln32_fu_197_p2   | -   |        | add_ln32   | add | fabric | 0       |
|   mul_6s_32s_32_1_1_U1 | 1   |        | mul_ln33   | mul | auto   | 0       |
|   add_ln32_1_fu_214_p2 | -   |        | add_ln32_1 | add | fabric | 0       |
|   mul_6s_32s_32_1_1_U1 | 1   |        | mul_ln33_1 | mul | auto   | 0       |
+------------------------+-----+--------+------------+-----+--------+---------+


================================================================
== Bind Storage Report
================================================================
+-------------------+------+------+--------+---------------+---------+------+---------+
| Name              | BRAM | URAM | Pragma | Variable      | Storage | Impl | Latency |
+-------------------+------+------+--------+---------------+---------+------+---------+
| + fir             | 3    | 0    |        |               |         |      |         |
|   shift_reg_U     | 2    | -    |        | shift_reg     | ram_t2p | auto | 1       |
|   fir_int_int_c_U | 1    | -    |        | fir_int_int_c | rom_1p  | auto | 1       |
+-------------------+------+------+--------+---------------+---------+------+---------+


================================================================
== Pragma Report
================================================================
* Valid Pragma Syntax
+----------+----------+-------------------+
| Type     | Options  | Location          |
+----------+----------+-------------------+
| pipeline | OFF      | fir.cpp:19 in fir |
| unroll   | factor=2 | fir.cpp:27 in fir |
+----------+----------+-------------------+


