

================================================================
== Synthesis Summary Report of 'fir'
================================================================
+ General Information: 
    * Date:           Sun Sep 24 14:30:52 2023
    * Version:        2022.2 (Build 3670227 on Oct 13 2022)
    * Project:        baseline
    * Solution:       solution1 (Vivado IP Flow Target)
    * Product family: zynquplus
    * Target device:  xck26-sfvc784-2LV-c
    

+ Performance & Resource Estimates: 
    
    PS: '+' for module; 'o' for loop; '*' for dataflow
    +--------------------+------+------+---------+-----------+----------+---------+------+----------+---------+---------+-----------+-----------+-----+
    |       Modules      | Issue|      | Latency |  Latency  | Iteration|         | Trip |          |         |         |           |           |     |
    |       & Loops      | Type | Slack| (cycles)|    (ns)   |  Latency | Interval| Count| Pipelined|  BRAM   |   DSP   |     FF    |    LUT    | URAM|
    +--------------------+------+------+---------+-----------+----------+---------+------+----------+---------+---------+-----------+-----------+-----+
    |+ fir               |     -|  0.91|      385|  3.850e+03|         -|      386|     -|        no|  2 (~0%)|  1 (~0%)|  151 (~0%)|  276 (~0%)|    -|
    | o VITIS_LOOP_29_1  |     -|  7.30|      384|  3.840e+03|         3|        -|   128|        no|        -|        -|          -|          -|    -|
    +--------------------+------+------+---------+-----------+----------+---------+------+----------+---------+---------+-----------+-----------+-----+


================================================================
== HW Interfaces
================================================================
* Other Ports
+-----------+---------+----------+
| Interface | Mode    | Bitwidth |
+-----------+---------+----------+
| x         | ap_none | 32       |
| y         | ap_vld  | 32       |
+-----------+---------+----------+

* TOP LEVEL CONTROL
+-----------+------------+-----------------------------------+
| Interface | Type       | Ports                             |
+-----------+------------+-----------------------------------+
| ap_clk    | clock      | ap_clk                            |
| ap_rst    | reset      | ap_rst                            |
| ap_ctrl   | ap_ctrl_hs | ap_done ap_idle ap_ready ap_start |
+-----------+------------+-----------------------------------+


================================================================
== SW I/O Information
================================================================
* Top Function Arguments
+----------+-----------+----------+
| Argument | Direction | Datatype |
+----------+-----------+----------+
| y        | out       | int*     |
| x        | in        | int      |
+----------+-----------+----------+

* SW-to-HW Mapping
+----------+--------------+---------+
| Argument | HW Interface | HW Type |
+----------+--------------+---------+
| y        | y            | port    |
| y        | y_ap_vld     | port    |
| x        | x            | port    |
+----------+--------------+---------+


================================================================
== Bind Op Report
================================================================
+------------------------+-----+--------+----------+-----+--------+---------+
| Name                   | DSP | Pragma | Variable | Op  | Impl   | Latency |
+------------------------+-----+--------+----------+-----+--------+---------+
| + fir                  | 1   |        |          |     |        |         |
|   mul_fu_185_p2        | -   |        | mul      | add | fabric | 0       |
|   add_ln34_fu_222_p2   | -   |        | add_ln34 | add | fabric | 0       |
|   mul_5s_32s_32_1_1_U3 | 1   |        | mul_ln35 | mul | auto   | 0       |
|   accum_1_fu_295_p2    | -   |        | accum_1  | add | fabric | 0       |
|   add_ln29_fu_301_p2   | -   |        | add_ln29 | add | fabric | 0       |
+------------------------+-----+--------+----------+-----+--------+---------+


================================================================
== Bind Storage Report
================================================================
+-----------------------------+------+------+--------+-------------------------+---------+------+---------+
| Name                        | BRAM | URAM | Pragma | Variable                | Storage | Impl | Latency |
+-----------------------------+------+------+--------+-------------------------+---------+------+---------+
| + fir                       | 2    | 0    |        |                         |         |      |         |
|   fir_int_int_shift_reg_U   | 1    | -    |        | fir_int_int_shift_reg   | ram_1p  | auto | 1       |
|   fir_int_int_shift_reg_1_U | 1    | -    |        | fir_int_int_shift_reg_1 | ram_1p  | auto | 1       |
|   c_0_U                     | -    | -    |        | c_0                     | rom_1p  | auto | 1       |
|   c_1_U                     | -    | -    |        | c_1                     | rom_1p  | auto | 1       |
+-----------------------------+------+------+--------+-------------------------+---------+------+---------+


================================================================
== Pragma Report
================================================================
* Valid Pragma Syntax
+-----------------+-----------------------------------------+------------------------------+
| Type            | Options                                 | Location                     |
+-----------------+-----------------------------------------+------------------------------+
| pipeline        | off                                     | fir.cpp:19 in fir            |
| array_partition | variable=shift_reg type=cyclic factor=2 | fir.cpp:26 in fir, shift_reg |
| array_partition | variable=c type=cyclic factor=2         | fir.cpp:27 in fir, c         |
+-----------------+-----------------------------------------+------------------------------+


